2019-04-16 16:05:43,999 INFO org.apache.commons.logging.impl.Jdk14Logger [restartedMain] Starting Projet7WebApplication on DESKTOP-GFBBSE4 with PID 15952 (started by picha in C:\Users\picha\Desktop\Projet 7\Projet7-WebApplication)
2019-04-16 16:05:44,000 DEBUG org.apache.commons.logging.impl.Jdk14Logger [restartedMain] Running with Spring Boot v2.1.3.RELEASE, Spring v5.1.5.RELEASE
2019-04-16 16:05:44,000 INFO org.apache.commons.logging.impl.Jdk14Logger [restartedMain] No active profile set, falling back to default profiles: default
2019-04-16 16:05:44,174 INFO org.apache.commons.logging.impl.Jdk14Logger [restartedMain] Tomcat initialized with port(s): 8080 (http)
2019-04-16 16:05:44,175 INFO org.apache.juli.logging.DirectJDKLog [restartedMain] Starting service [Tomcat]
2019-04-16 16:05:44,176 INFO org.apache.juli.logging.DirectJDKLog [restartedMain] Starting Servlet engine: [Apache Tomcat/9.0.16]
2019-04-16 16:05:44,185 INFO org.apache.juli.logging.DirectJDKLog [restartedMain] Initializing Spring embedded WebApplicationContext
2019-04-16 16:05:44,185 INFO org.apache.commons.logging.impl.Jdk14Logger [restartedMain] Root WebApplicationContext: initialization completed in 184 ms
2019-04-16 16:05:44,213 INFO org.apache.commons.logging.impl.Jdk14Logger [restartedMain] Creating filter chain: any request, [org.springframework.security.web.context.request.async.WebAsyncManagerIntegrationFilter@34bd86cc, org.springframework.security.web.context.SecurityContextPersistenceFilter@4af2c7ca, org.springframework.security.web.header.HeaderWriterFilter@56ad7c02, org.springframework.security.web.csrf.CsrfFilter@21c59b92, org.springframework.security.web.authentication.logout.LogoutFilter@506e3518, org.springframework.security.web.authentication.UsernamePasswordAuthenticationFilter@cfe7448, org.springframework.security.web.savedrequest.RequestCacheAwareFilter@1ce4bd42, org.springframework.security.web.servletapi.SecurityContextHolderAwareRequestFilter@21948fb0, org.springframework.security.web.authentication.AnonymousAuthenticationFilter@7402064f, org.springframework.security.web.session.SessionManagementFilter@4766ddbf, org.springframework.security.web.access.ExceptionTranslationFilter@2a1f8bf5, org.springframework.security.web.access.intercept.FilterSecurityInterceptor@62c614d9]
2019-04-16 16:05:44,233 INFO org.apache.commons.logging.impl.Jdk14Logger [restartedMain] Initializing ExecutorService 'applicationTaskExecutor'
2019-04-16 16:05:44,249 INFO org.apache.commons.logging.impl.Jdk14Logger [restartedMain] Adding welcome page template: index
2019-04-16 16:05:44,283 INFO org.apache.commons.logging.impl.Jdk14Logger [restartedMain] LiveReload server is running on port 35729
2019-04-16 16:05:44,292 INFO org.apache.commons.logging.impl.Jdk14Logger [restartedMain] Tomcat started on port(s): 8080 (http) with context path ''
2019-04-16 16:05:44,292 INFO org.apache.commons.logging.impl.Jdk14Logger [restartedMain] Started Projet7WebApplication in 0.334 seconds (JVM running for 2289.885)
2019-04-16 16:05:44,293 INFO org.apache.commons.logging.impl.Jdk14Logger [restartedMain] Condition evaluation unchanged
2019-04-16 16:10:40,013 INFO org.apache.commons.logging.impl.Jdk14Logger [restartedMain] Starting Projet7WebApplication on DESKTOP-GFBBSE4 with PID 15952 (started by picha in C:\Users\picha\Desktop\Projet 7\Projet7-WebApplication)
2019-04-16 16:10:40,013 DEBUG org.apache.commons.logging.impl.Jdk14Logger [restartedMain] Running with Spring Boot v2.1.3.RELEASE, Spring v5.1.5.RELEASE
2019-04-16 16:10:40,013 INFO org.apache.commons.logging.impl.Jdk14Logger [restartedMain] No active profile set, falling back to default profiles: default
2019-04-16 16:10:40,177 INFO org.apache.commons.logging.impl.Jdk14Logger [restartedMain] Tomcat initialized with port(s): 8080 (http)
2019-04-16 16:10:40,178 INFO org.apache.juli.logging.DirectJDKLog [restartedMain] Starting service [Tomcat]
2019-04-16 16:10:40,178 INFO org.apache.juli.logging.DirectJDKLog [restartedMain] Starting Servlet engine: [Apache Tomcat/9.0.16]
2019-04-16 16:10:40,185 INFO org.apache.juli.logging.DirectJDKLog [restartedMain] Initializing Spring embedded WebApplicationContext
2019-04-16 16:10:40,185 INFO org.apache.commons.logging.impl.Jdk14Logger [restartedMain] Root WebApplicationContext: initialization completed in 171 ms
2019-04-16 16:10:40,208 INFO org.apache.commons.logging.impl.Jdk14Logger [restartedMain] Creating filter chain: any request, [org.springframework.security.web.context.request.async.WebAsyncManagerIntegrationFilter@2c4baa8c, org.springframework.security.web.context.SecurityContextPersistenceFilter@5e771c5b, org.springframework.security.web.header.HeaderWriterFilter@4e5219eb, org.springframework.security.web.csrf.CsrfFilter@40b3cfc7, org.springframework.security.web.authentication.logout.LogoutFilter@3118c479, org.springframework.security.web.authentication.UsernamePasswordAuthenticationFilter@576b93c5, org.springframework.security.web.savedrequest.RequestCacheAwareFilter@4e2dda72, org.springframework.security.web.servletapi.SecurityContextHolderAwareRequestFilter@106e0f1d, org.springframework.security.web.authentication.AnonymousAuthenticationFilter@465f2a8f, org.springframework.security.web.session.SessionManagementFilter@643667, org.springframework.security.web.access.ExceptionTranslationFilter@1c718760, org.springframework.security.web.access.intercept.FilterSecurityInterceptor@4a4e3765]
2019-04-16 16:10:40,223 INFO org.apache.commons.logging.impl.Jdk14Logger [restartedMain] Initializing ExecutorService 'applicationTaskExecutor'
2019-04-16 16:10:40,234 INFO org.apache.commons.logging.impl.Jdk14Logger [restartedMain] Adding welcome page template: index
2019-04-16 16:10:40,258 INFO org.apache.commons.logging.impl.Jdk14Logger [restartedMain] LiveReload server is running on port 35729
2019-04-16 16:10:40,264 INFO org.apache.commons.logging.impl.Jdk14Logger [restartedMain] Tomcat started on port(s): 8080 (http) with context path ''
2019-04-16 16:10:40,264 INFO org.apache.commons.logging.impl.Jdk14Logger [restartedMain] Started Projet7WebApplication in 0.263 seconds (JVM running for 2585.857)
2019-04-16 16:10:40,265 INFO org.apache.commons.logging.impl.Jdk14Logger [restartedMain] Condition evaluation unchanged
