2019-04-16 15:27:37,023 INFO org.springframework.boot.StartupInfoLogger [main] Starting Projet7WebServiceApplication on DESKTOP-GFBBSE4 with PID 11224 (started by picha in C:\Users\picha\Desktop\Projet 7\Projet7-WebService)
2019-04-16 15:27:37,026 DEBUG org.springframework.boot.StartupInfoLogger [main] Running with Spring Boot v2.1.3.RELEASE, Spring v5.1.5.RELEASE
2019-04-16 15:27:37,027 INFO org.springframework.boot.SpringApplication [main] No active profile set, falling back to default profiles: default
2019-04-16 15:27:37,974 INFO org.springframework.data.repository.config.RepositoryConfigurationDelegate [main] Bootstrapping Spring Data repositories in DEFAULT mode.
2019-04-16 15:27:38,132 INFO org.springframework.data.repository.config.RepositoryConfigurationDelegate [main] Finished Spring Data repository scanning in 147ms. Found 7 repository interfaces.
2019-04-16 15:27:38,501 INFO org.springframework.context.support.PostProcessorRegistrationDelegate$BeanPostProcessorChecker [main] Bean 'org.springframework.transaction.annotation.ProxyTransactionManagementConfiguration' of type [org.springframework.transaction.annotation.ProxyTransactionManagementConfiguration$$EnhancerBySpringCGLIB$$9308094a] is not eligible for getting processed by all BeanPostProcessors (for example: not eligible for auto-proxying)
2019-04-16 15:27:38,894 INFO org.springframework.boot.web.embedded.tomcat.TomcatWebServer [main] Tomcat initialized with port(s): 8085 (http)
2019-04-16 15:27:38,908 INFO org.apache.juli.logging.DirectJDKLog [main] Initializing ProtocolHandler ["http-nio-8085"]
2019-04-16 15:27:38,918 INFO org.apache.juli.logging.DirectJDKLog [main] Starting service [Tomcat]
2019-04-16 15:27:38,919 INFO org.apache.juli.logging.DirectJDKLog [main] Starting Servlet engine: [Apache Tomcat/9.0.16]
2019-04-16 15:27:38,926 INFO org.apache.juli.logging.DirectJDKLog [main] The APR based Apache Tomcat Native library which allows optimal performance in production environments was not found on the java.library.path: [C:\Program Files\Java\jdk1.8.0_181\bin;C:\Windows\Sun\Java\bin;C:\Windows\system32;C:\Windows;C:/Program Files/Java/jre1.8.0_201/bin/server;C:/Program Files/Java/jre1.8.0_201/bin;C:/Program Files/Java/jre1.8.0_201/lib/amd64;C:\Program Files (x86)\Common Files\Oracle\Java\javapath;C:\Program Files (x86)\Intel\Intel(R) Management Engine Components\iCLS\;C:\Program Files\Intel\Intel(R) Management Engine Components\iCLS\;C:\Windows\system32;C:\Windows;C:\Windows\System32\Wbem;C:\Windows\System32\WindowsPowerShell\v1.0\;C:\Windows\System32\OpenSSH\;C:\Program Files (x86)\NVIDIA Corporation\PhysX\Common;C:\Program Files (x86)\Intel\Intel(R) Management Engine Components\DAL;C:\Program Files\Intel\Intel(R) Management Engine Components\DAL;C:\Program Files (x86)\Intel\Intel(R) Management Engine Components\IPT;C:\Program Files\Intel\Intel(R) Management Engine Components\IPT;C:\Program Files\Intel\WiFi\bin\;C:\Program Files\Common Files\Intel\WirelessCommon\;C:\Program Files\Git\cmd;C:\Users\picha\AppData\Local\Microsoft\WindowsApps;;C:\Users\picha\Desktop;;.]
2019-04-16 15:27:39,067 INFO org.apache.juli.logging.DirectJDKLog [main] Initializing Spring embedded WebApplicationContext
2019-04-16 15:27:39,067 INFO org.springframework.boot.web.servlet.context.ServletWebServerApplicationContext [main] Root WebApplicationContext: initialization completed in 1983 ms
2019-04-16 15:27:39,287 INFO com.zaxxer.hikari.HikariDataSource [main] HikariPool-1 - Starting...
2019-04-16 15:27:39,482 INFO com.zaxxer.hikari.HikariDataSource [main] HikariPool-1 - Start completed.
2019-04-16 15:27:39,532 INFO org.hibernate.jpa.internal.util.LogHelper [main] HHH000204: Processing PersistenceUnitInfo [
	name: default
	...]
2019-04-16 15:27:39,608 INFO org.hibernate.Version [main] HHH000412: Hibernate Core {5.3.7.Final}
2019-04-16 15:27:39,610 INFO org.hibernate.cfg.Environment [main] HHH000206: hibernate.properties not found
2019-04-16 15:27:39,872 INFO org.hibernate.annotations.common.reflection.java.JavaReflectionManager [main] HCANN000001: Hibernate Commons Annotations {5.0.4.Final}
2019-04-16 15:27:40,009 INFO org.hibernate.dialect.Dialect [main] HHH000400: Using dialect: org.hibernate.dialect.PostgreSQLDialect
2019-04-16 15:27:40,027 INFO org.hibernate.engine.jdbc.env.internal.LobCreatorBuilderImpl [main] HHH000422: Disabling contextual LOB creation as connection was null
2019-04-16 15:27:40,035 INFO org.hibernate.type.BasicTypeRegistry [main] HHH000270: Type registration [java.util.UUID] overrides previous : org.hibernate.type.UUIDBinaryType@36c281ed
2019-04-16 15:27:40,760 INFO org.springframework.orm.jpa.AbstractEntityManagerFactoryBean [main] Initialized JPA EntityManagerFactory for persistence unit 'default'
2019-04-16 15:27:40,986 INFO org.hibernate.hql.internal.QueryTranslatorFactoryInitiator [main] HHH000397: Using ASTQueryTranslatorFactory
2019-04-16 15:27:41,855 INFO org.springframework.scheduling.concurrent.ExecutorConfigurationSupport [main] Initializing ExecutorService 'applicationTaskExecutor'
2019-04-16 15:27:41,890 WARN org.springframework.boot.autoconfigure.orm.jpa.JpaBaseConfiguration$JpaWebConfiguration$JpaWebMvcConfiguration [main] spring.jpa.open-in-view is enabled by default. Therefore, database queries may be performed during view rendering. Explicitly configure spring.jpa.open-in-view to disable this warning
2019-04-16 15:27:42,047 INFO org.springframework.boot.autoconfigure.security.servlet.UserDetailsServiceAutoConfiguration [main] 

Using generated security password: 72a1fb2e-e16b-480c-9344-b420ffaba7fa

2019-04-16 15:27:42,127 INFO org.springframework.security.web.DefaultSecurityFilterChain [main] Creating filter chain: any request, [org.springframework.security.web.context.request.async.WebAsyncManagerIntegrationFilter@5310e451, org.springframework.security.web.context.SecurityContextPersistenceFilter@646cb2e, org.springframework.security.web.header.HeaderWriterFilter@5b5b53c6, org.springframework.security.web.csrf.CsrfFilter@7d685f4e, org.springframework.security.web.authentication.logout.LogoutFilter@78b9155e, org.springframework.security.web.authentication.UsernamePasswordAuthenticationFilter@25e6c22a, org.springframework.security.web.authentication.ui.DefaultLoginPageGeneratingFilter@2efcc0b3, org.springframework.security.web.authentication.ui.DefaultLogoutPageGeneratingFilter@52d63b7e, org.springframework.security.web.authentication.www.BasicAuthenticationFilter@edbc2bf, org.springframework.security.web.savedrequest.RequestCacheAwareFilter@5315266, org.springframework.security.web.servletapi.SecurityContextHolderAwareRequestFilter@9147ba2, org.springframework.security.web.authentication.AnonymousAuthenticationFilter@74830d73, org.springframework.security.web.session.SessionManagementFilter@3350ab4, org.springframework.security.web.access.ExceptionTranslationFilter@15371de2, org.springframework.security.web.access.intercept.FilterSecurityInterceptor@62883f8a]
2019-04-16 15:27:42,175 INFO org.apache.juli.logging.DirectJDKLog [main] Starting ProtocolHandler ["http-nio-8085"]
2019-04-16 15:27:42,186 INFO org.springframework.boot.web.embedded.tomcat.TomcatWebServer [main] Tomcat started on port(s): 8085 (http) with context path ''
2019-04-16 15:27:42,187 INFO org.springframework.boot.StartupInfoLogger [main] Started Projet7WebServiceApplication in 5.543 seconds (JVM running for 9.07)
2019-04-16 15:30:33,943 INFO com.bibliotheque.metier.RolesBusinessImpl [pool-1-thread-1] Get list of roles for username morgan
2019-04-16 15:40:13,383 INFO com.bibliotheque.metier.MailBusinessImpl [pool-1-thread-2] Get mail for user ID 52
2019-04-16 15:40:16,262 INFO com.bibliotheque.metier.BookBusinessImpl [pool-1-thread-2] Return pageBook of1 elements
2019-04-16 15:40:16,268 INFO com.bibliotheque.metier.KindBusinessImpl [pool-1-thread-2] Return list of kind
2019-04-16 15:40:31,657 INFO com.bibliotheque.metier.BookBusinessImpl [pool-1-thread-2] Return pageBook of1 elements
2019-04-16 15:40:31,659 INFO com.bibliotheque.metier.KindBusinessImpl [pool-1-thread-2] Return list of kind
2019-04-16 15:40:32,737 INFO com.bibliotheque.metier.KindBusinessImpl [pool-1-thread-2] Return list of kind
2019-04-16 15:40:32,741 INFO com.bibliotheque.metier.LibraryBusinessImpl [pool-1-thread-2] Return list of library
2019-04-16 15:41:02,047 INFO com.bibliotheque.metier.LoanBusinessImpl [pool-1-thread-2] Get list of loan not late for user id 52
2019-04-16 15:41:02,055 INFO com.bibliotheque.metier.LoanBusinessImpl [pool-1-thread-2] Get list of loan late for user id 52
2019-04-16 15:42:45,965 INFO com.bibliotheque.metier.BookBusinessImpl [pool-1-thread-3] Return pageBook of1 elements
2019-04-16 15:42:45,968 INFO com.bibliotheque.metier.KindBusinessImpl [pool-1-thread-3] Return list of kind
2019-04-16 15:45:54,695 INFO com.bibliotheque.metier.LoanBusinessImpl [pool-1-thread-4] Get list of loan not late for user id 52
2019-04-16 15:45:54,700 INFO com.bibliotheque.metier.LoanBusinessImpl [pool-1-thread-4] Get list of loan late for user id 52
2019-04-16 15:46:09,938 INFO com.bibliotheque.metier.MailBusinessImpl [pool-1-thread-4] Get mail for user ID 52
2019-04-16 15:46:47,241 INFO com.bibliotheque.metier.LoanBusinessImpl [pool-1-thread-4] Get list of loan not late for user id 52
2019-04-16 15:46:47,245 INFO com.bibliotheque.metier.LoanBusinessImpl [pool-1-thread-4] Get list of loan late for user id 52
2019-04-16 15:52:33,923 INFO com.bibliotheque.metier.BookBusinessImpl [pool-1-thread-5] Return pageBook of1 elements
2019-04-16 15:52:33,926 INFO com.bibliotheque.metier.KindBusinessImpl [pool-1-thread-5] Return list of kind
2019-04-16 15:53:50,287 INFO com.bibliotheque.metier.BookBusinessImpl [pool-1-thread-6] Return pageBook of1 elements
2019-04-16 15:53:50,289 INFO com.bibliotheque.metier.KindBusinessImpl [pool-1-thread-6] Return list of kind
2019-04-16 15:53:58,640 INFO com.bibliotheque.metier.BookBusinessImpl [pool-1-thread-6] Return pageBook of1 elements
2019-04-16 15:53:58,643 INFO com.bibliotheque.metier.KindBusinessImpl [pool-1-thread-6] Return list of kind
2019-04-16 15:54:01,544 INFO com.bibliotheque.metier.BookBusinessImpl [pool-1-thread-6] Return pageBook of1 elements
2019-04-16 15:54:01,547 INFO com.bibliotheque.metier.KindBusinessImpl [pool-1-thread-6] Return list of kind
2019-04-16 15:54:04,147 INFO com.bibliotheque.metier.BookBusinessImpl [pool-1-thread-6] Return pageBook of0 elements
2019-04-16 15:54:04,149 INFO com.bibliotheque.metier.KindBusinessImpl [pool-1-thread-6] Return list of kind
2019-04-16 15:54:07,547 INFO com.bibliotheque.metier.BookBusinessImpl [pool-1-thread-6] Return pageBook of1 elements
2019-04-16 15:54:07,550 INFO com.bibliotheque.metier.KindBusinessImpl [pool-1-thread-6] Return list of kind
2019-04-16 15:54:09,655 INFO com.bibliotheque.metier.BookBusinessImpl [pool-1-thread-6] Return pageBook of1 elements
2019-04-16 15:54:09,657 INFO com.bibliotheque.metier.KindBusinessImpl [pool-1-thread-6] Return list of kind
2019-04-16 15:55:14,640 INFO com.bibliotheque.metier.RolesBusinessImpl [pool-1-thread-6] Get list of roles for username morgan
2019-04-16 15:55:14,719 INFO com.bibliotheque.metier.MailBusinessImpl [pool-1-thread-6] Get mail for user ID 52
2019-04-16 15:55:18,670 INFO com.bibliotheque.metier.BookBusinessImpl [pool-1-thread-6] Return pageBook of1 elements
2019-04-16 15:55:18,672 INFO com.bibliotheque.metier.KindBusinessImpl [pool-1-thread-6] Return list of kind
2019-04-16 15:55:19,712 INFO com.bibliotheque.metier.KindBusinessImpl [pool-1-thread-6] Return list of kind
2019-04-16 15:55:19,716 INFO com.bibliotheque.metier.LibraryBusinessImpl [pool-1-thread-6] Return list of library
2019-04-16 15:55:21,143 INFO com.bibliotheque.metier.BookBusinessImpl [pool-1-thread-6] Return pageBook of1 elements
2019-04-16 15:55:21,145 INFO com.bibliotheque.metier.KindBusinessImpl [pool-1-thread-6] Return list of kind
2019-04-16 15:55:32,007 INFO com.bibliotheque.metier.KindBusinessImpl [pool-1-thread-6] Return list of kind
2019-04-16 15:55:32,011 INFO com.bibliotheque.metier.LibraryBusinessImpl [pool-1-thread-6] Return list of library
2019-04-16 15:55:33,456 INFO com.bibliotheque.metier.BookBusinessImpl [pool-1-thread-6] Return pageBook of1 elements
2019-04-16 15:55:33,458 INFO com.bibliotheque.metier.KindBusinessImpl [pool-1-thread-6] Return list of kind
2019-04-16 15:55:34,568 INFO com.bibliotheque.metier.BookBusinessImpl [pool-1-thread-6] Success get book 1
2019-04-16 15:55:34,571 INFO com.bibliotheque.metier.KindBusinessImpl [pool-1-thread-6] Return list of kind
2019-04-16 15:55:34,574 INFO com.bibliotheque.metier.LibraryBusinessImpl [pool-1-thread-6] Return list of library
2019-04-16 15:55:37,946 INFO com.bibliotheque.metier.LibraryBusinessImpl [pool-1-thread-6] get library 3
2019-04-16 15:55:38,043 INFO com.bibliotheque.metier.BookBusinessImpl [pool-1-thread-6] update book 1
2019-04-16 15:55:38,138 INFO com.bibliotheque.metier.BookBusinessImpl [pool-1-thread-6] Success get book 1
2019-04-16 15:55:38,140 INFO com.bibliotheque.metier.KindBusinessImpl [pool-1-thread-6] Return list of kind
2019-04-16 15:55:38,144 INFO com.bibliotheque.metier.LibraryBusinessImpl [pool-1-thread-6] Return list of library
2019-04-16 15:55:41,666 INFO com.bibliotheque.metier.BookBusinessImpl [pool-1-thread-6] Return pageBook of1 elements
2019-04-16 15:55:41,669 INFO com.bibliotheque.metier.KindBusinessImpl [pool-1-thread-6] Return list of kind
2019-04-16 17:11:50,167 INFO org.springframework.boot.StartupInfoLogger [main] Starting Projet7WebServiceApplication on DESKTOP-GFBBSE4 with PID 4048 (started by picha in C:\Users\picha\Desktop\Projet 7\Projet7-WebService)
2019-04-16 17:11:50,169 DEBUG org.springframework.boot.StartupInfoLogger [main] Running with Spring Boot v2.1.3.RELEASE, Spring v5.1.5.RELEASE
2019-04-16 17:11:50,170 INFO org.springframework.boot.SpringApplication [main] No active profile set, falling back to default profiles: default
2019-04-16 17:11:50,640 INFO org.springframework.data.repository.config.RepositoryConfigurationDelegate [main] Bootstrapping Spring Data repositories in DEFAULT mode.
2019-04-16 17:11:50,718 INFO org.springframework.data.repository.config.RepositoryConfigurationDelegate [main] Finished Spring Data repository scanning in 72ms. Found 7 repository interfaces.
2019-04-16 17:11:50,978 INFO org.springframework.context.support.PostProcessorRegistrationDelegate$BeanPostProcessorChecker [main] Bean 'org.springframework.transaction.annotation.ProxyTransactionManagementConfiguration' of type [org.springframework.transaction.annotation.ProxyTransactionManagementConfiguration$$EnhancerBySpringCGLIB$$f3610640] is not eligible for getting processed by all BeanPostProcessors (for example: not eligible for auto-proxying)
2019-04-16 17:11:51,276 INFO org.springframework.boot.web.embedded.tomcat.TomcatWebServer [main] Tomcat initialized with port(s): 8085 (http)
2019-04-16 17:11:51,286 INFO org.apache.juli.logging.DirectJDKLog [main] Initializing ProtocolHandler ["http-nio-8085"]
2019-04-16 17:11:51,294 INFO org.apache.juli.logging.DirectJDKLog [main] Starting service [Tomcat]
2019-04-16 17:11:51,294 INFO org.apache.juli.logging.DirectJDKLog [main] Starting Servlet engine: [Apache Tomcat/9.0.16]
2019-04-16 17:11:51,301 INFO org.apache.juli.logging.DirectJDKLog [main] The APR based Apache Tomcat Native library which allows optimal performance in production environments was not found on the java.library.path: [C:\Program Files\Java\jdk1.8.0_181\bin;C:\Windows\Sun\Java\bin;C:\Windows\system32;C:\Windows;C:/Program Files/Java/jre1.8.0_201/bin/server;C:/Program Files/Java/jre1.8.0_201/bin;C:/Program Files/Java/jre1.8.0_201/lib/amd64;C:\Program Files (x86)\Common Files\Oracle\Java\javapath;C:\Program Files (x86)\Intel\Intel(R) Management Engine Components\iCLS\;C:\Program Files\Intel\Intel(R) Management Engine Components\iCLS\;C:\Windows\system32;C:\Windows;C:\Windows\System32\Wbem;C:\Windows\System32\WindowsPowerShell\v1.0\;C:\Windows\System32\OpenSSH\;C:\Program Files (x86)\NVIDIA Corporation\PhysX\Common;C:\Program Files (x86)\Intel\Intel(R) Management Engine Components\DAL;C:\Program Files\Intel\Intel(R) Management Engine Components\DAL;C:\Program Files (x86)\Intel\Intel(R) Management Engine Components\IPT;C:\Program Files\Intel\Intel(R) Management Engine Components\IPT;C:\Program Files\Intel\WiFi\bin\;C:\Program Files\Common Files\Intel\WirelessCommon\;C:\Program Files\Git\cmd;C:\Users\picha\AppData\Local\Microsoft\WindowsApps;;C:\Users\picha\Desktop;;.]
2019-04-16 17:11:51,397 INFO org.apache.juli.logging.DirectJDKLog [main] Initializing Spring embedded WebApplicationContext
2019-04-16 17:11:51,397 INFO org.springframework.boot.web.servlet.context.ServletWebServerApplicationContext [main] Root WebApplicationContext: initialization completed in 1196 ms
2019-04-16 17:11:51,513 INFO com.zaxxer.hikari.HikariDataSource [main] HikariPool-1 - Starting...
2019-04-16 17:11:51,584 INFO com.zaxxer.hikari.HikariDataSource [main] HikariPool-1 - Start completed.
2019-04-16 17:11:51,625 INFO org.hibernate.jpa.internal.util.LogHelper [main] HHH000204: Processing PersistenceUnitInfo [
	name: default
	...]
2019-04-16 17:11:51,674 INFO org.hibernate.Version [main] HHH000412: Hibernate Core {5.3.7.Final}
2019-04-16 17:11:51,675 INFO org.hibernate.cfg.Environment [main] HHH000206: hibernate.properties not found
2019-04-16 17:11:51,777 INFO org.hibernate.annotations.common.reflection.java.JavaReflectionManager [main] HCANN000001: Hibernate Commons Annotations {5.0.4.Final}
2019-04-16 17:11:51,897 INFO org.hibernate.dialect.Dialect [main] HHH000400: Using dialect: org.hibernate.dialect.PostgreSQLDialect
2019-04-16 17:11:51,908 INFO org.hibernate.engine.jdbc.env.internal.LobCreatorBuilderImpl [main] HHH000422: Disabling contextual LOB creation as connection was null
2019-04-16 17:11:51,912 INFO org.hibernate.type.BasicTypeRegistry [main] HHH000270: Type registration [java.util.UUID] overrides previous : org.hibernate.type.UUIDBinaryType@521bb1a4
2019-04-16 17:11:52,448 INFO org.springframework.orm.jpa.AbstractEntityManagerFactoryBean [main] Initialized JPA EntityManagerFactory for persistence unit 'default'
2019-04-16 17:11:52,675 INFO org.hibernate.hql.internal.QueryTranslatorFactoryInitiator [main] HHH000397: Using ASTQueryTranslatorFactory
2019-04-16 17:11:53,339 INFO org.springframework.scheduling.concurrent.ExecutorConfigurationSupport [main] Initializing ExecutorService 'applicationTaskExecutor'
2019-04-16 17:11:53,374 WARN org.springframework.boot.autoconfigure.orm.jpa.JpaBaseConfiguration$JpaWebConfiguration$JpaWebMvcConfiguration [main] spring.jpa.open-in-view is enabled by default. Therefore, database queries may be performed during view rendering. Explicitly configure spring.jpa.open-in-view to disable this warning
2019-04-16 17:11:53,532 INFO org.springframework.boot.autoconfigure.security.servlet.UserDetailsServiceAutoConfiguration [main] 

Using generated security password: 1f0a7e40-4852-4aa2-a80f-080ed3a68ea1

2019-04-16 17:11:53,611 INFO org.springframework.security.web.DefaultSecurityFilterChain [main] Creating filter chain: any request, [org.springframework.security.web.context.request.async.WebAsyncManagerIntegrationFilter@3cead673, org.springframework.security.web.context.SecurityContextPersistenceFilter@727dcc64, org.springframework.security.web.header.HeaderWriterFilter@236fd411, org.springframework.security.web.csrf.CsrfFilter@7f030c72, org.springframework.security.web.authentication.logout.LogoutFilter@3514ac7d, org.springframework.security.web.authentication.UsernamePasswordAuthenticationFilter@6ae42248, org.springframework.security.web.authentication.ui.DefaultLoginPageGeneratingFilter@319aa9ee, org.springframework.security.web.authentication.ui.DefaultLogoutPageGeneratingFilter@53ba25ff, org.springframework.security.web.authentication.www.BasicAuthenticationFilter@5a7e81, org.springframework.security.web.savedrequest.RequestCacheAwareFilter@288409f0, org.springframework.security.web.servletapi.SecurityContextHolderAwareRequestFilter@35454c7a, org.springframework.security.web.authentication.AnonymousAuthenticationFilter@10a0a1e, org.springframework.security.web.session.SessionManagementFilter@6480a063, org.springframework.security.web.access.ExceptionTranslationFilter@4e5d5ac1, org.springframework.security.web.access.intercept.FilterSecurityInterceptor@64665781]
2019-04-16 17:11:53,651 INFO org.apache.juli.logging.DirectJDKLog [main] Starting ProtocolHandler ["http-nio-8085"]
2019-04-16 17:11:53,661 INFO org.springframework.boot.web.embedded.tomcat.TomcatWebServer [main] Tomcat started on port(s): 8085 (http) with context path ''
2019-04-16 17:11:53,663 INFO org.springframework.boot.StartupInfoLogger [main] Started Projet7WebServiceApplication in 3.767 seconds (JVM running for 4.014)
