2019-04-18 18:17:34,472 INFO org.springframework.boot.StartupInfoLogger [main] Starting Projet7WebServiceApplication on DESKTOP-GFBBSE4 with PID 8252 (started by picha in C:\Users\picha\Desktop\Projet 7\Projet7-WebService)
2019-04-18 18:17:34,472 DEBUG org.springframework.boot.StartupInfoLogger [main] Running with Spring Boot v2.1.3.RELEASE, Spring v5.1.5.RELEASE
2019-04-18 18:17:34,472 INFO org.springframework.boot.SpringApplication [main] No active profile set, falling back to default profiles: default
2019-04-18 18:17:35,050 INFO org.springframework.data.repository.config.RepositoryConfigurationDelegate [main] Bootstrapping Spring Data repositories in DEFAULT mode.
2019-04-18 18:17:35,116 INFO org.springframework.data.repository.config.RepositoryConfigurationDelegate [main] Finished Spring Data repository scanning in 63ms. Found 7 repository interfaces.
2019-04-18 18:17:35,413 INFO org.springframework.context.support.PostProcessorRegistrationDelegate$BeanPostProcessorChecker [main] Bean 'org.springframework.transaction.annotation.ProxyTransactionManagementConfiguration' of type [org.springframework.transaction.annotation.ProxyTransactionManagementConfiguration$$EnhancerBySpringCGLIB$$91f6916c] is not eligible for getting processed by all BeanPostProcessors (for example: not eligible for auto-proxying)
2019-04-18 18:17:35,741 INFO org.springframework.boot.web.embedded.tomcat.TomcatWebServer [main] Tomcat initialized with port(s): 8085 (http)
2019-04-18 18:17:35,756 INFO org.apache.juli.logging.DirectJDKLog [main] Initializing ProtocolHandler ["http-nio-8085"]
2019-04-18 18:17:35,772 INFO org.apache.juli.logging.DirectJDKLog [main] Starting service [Tomcat]
2019-04-18 18:17:35,772 INFO org.apache.juli.logging.DirectJDKLog [main] Starting Servlet engine: [Apache Tomcat/9.0.16]
2019-04-18 18:17:35,772 INFO org.apache.juli.logging.DirectJDKLog [main] The APR based Apache Tomcat Native library which allows optimal performance in production environments was not found on the java.library.path: [C:\Program Files\Java\jdk1.8.0_181\bin;C:\Windows\Sun\Java\bin;C:\Windows\system32;C:\Windows;C:/Program Files/Java/jre1.8.0_201/bin/server;C:/Program Files/Java/jre1.8.0_201/bin;C:/Program Files/Java/jre1.8.0_201/lib/amd64;C:\Program Files (x86)\Common Files\Oracle\Java\javapath;C:\Program Files (x86)\Intel\Intel(R) Management Engine Components\iCLS\;C:\Program Files\Intel\Intel(R) Management Engine Components\iCLS\;C:\Windows\system32;C:\Windows;C:\Windows\System32\Wbem;C:\Windows\System32\WindowsPowerShell\v1.0\;C:\Windows\System32\OpenSSH\;C:\Program Files (x86)\NVIDIA Corporation\PhysX\Common;C:\Program Files (x86)\Intel\Intel(R) Management Engine Components\DAL;C:\Program Files\Intel\Intel(R) Management Engine Components\DAL;C:\Program Files (x86)\Intel\Intel(R) Management Engine Components\IPT;C:\Program Files\Intel\Intel(R) Management Engine Components\IPT;C:\Program Files\Intel\WiFi\bin\;C:\Program Files\Common Files\Intel\WirelessCommon\;C:\Program Files\Git\cmd;C:\Users\picha\AppData\Local\Microsoft\WindowsApps;;C:\Users\picha\Desktop;;.]
2019-04-18 18:17:35,881 INFO org.apache.juli.logging.DirectJDKLog [main] Initializing Spring embedded WebApplicationContext
2019-04-18 18:17:35,881 INFO org.springframework.boot.web.servlet.context.ServletWebServerApplicationContext [main] Root WebApplicationContext: initialization completed in 1378 ms
2019-04-18 18:17:36,006 INFO com.zaxxer.hikari.HikariDataSource [main] HikariPool-1 - Starting...
2019-04-18 18:17:36,116 INFO com.zaxxer.hikari.HikariDataSource [main] HikariPool-1 - Start completed.
2019-04-18 18:17:36,180 INFO org.hibernate.jpa.internal.util.LogHelper [main] HHH000204: Processing PersistenceUnitInfo [
	name: default
	...]
2019-04-18 18:17:36,227 INFO org.hibernate.Version [main] HHH000412: Hibernate Core {5.3.7.Final}
2019-04-18 18:17:36,227 INFO org.hibernate.cfg.Environment [main] HHH000206: hibernate.properties not found
2019-04-18 18:17:36,367 INFO org.hibernate.annotations.common.reflection.java.JavaReflectionManager [main] HCANN000001: Hibernate Commons Annotations {5.0.4.Final}
2019-04-18 18:17:36,492 INFO org.hibernate.dialect.Dialect [main] HHH000400: Using dialect: org.hibernate.dialect.PostgreSQLDialect
2019-04-18 18:17:36,508 INFO org.hibernate.engine.jdbc.env.internal.LobCreatorBuilderImpl [main] HHH000422: Disabling contextual LOB creation as connection was null
2019-04-18 18:17:36,508 INFO org.hibernate.type.BasicTypeRegistry [main] HHH000270: Type registration [java.util.UUID] overrides previous : org.hibernate.type.UUIDBinaryType@12a14b74
2019-04-18 18:17:37,180 INFO org.springframework.orm.jpa.AbstractEntityManagerFactoryBean [main] Initialized JPA EntityManagerFactory for persistence unit 'default'
2019-04-18 18:17:37,448 INFO org.hibernate.hql.internal.QueryTranslatorFactoryInitiator [main] HHH000397: Using ASTQueryTranslatorFactory
2019-04-18 18:17:38,369 INFO org.springframework.scheduling.concurrent.ExecutorConfigurationSupport [main] Initializing ExecutorService 'applicationTaskExecutor'
2019-04-18 18:17:38,404 WARN org.springframework.boot.autoconfigure.orm.jpa.JpaBaseConfiguration$JpaWebConfiguration$JpaWebMvcConfiguration [main] spring.jpa.open-in-view is enabled by default. Therefore, database queries may be performed during view rendering. Explicitly configure spring.jpa.open-in-view to disable this warning
2019-04-18 18:17:38,576 INFO org.springframework.boot.autoconfigure.security.servlet.UserDetailsServiceAutoConfiguration [main] 

Using generated security password: 2e6160ad-8c01-408f-befe-03e1fd5a5bb5

2019-04-18 18:17:38,654 INFO org.springframework.security.web.DefaultSecurityFilterChain [main] Creating filter chain: any request, [org.springframework.security.web.context.request.async.WebAsyncManagerIntegrationFilter@1686ed85, org.springframework.security.web.context.SecurityContextPersistenceFilter@59e0d521, org.springframework.security.web.header.HeaderWriterFilter@78b9155e, org.springframework.security.web.csrf.CsrfFilter@3350ab4, org.springframework.security.web.authentication.logout.LogoutFilter@3129299f, org.springframework.security.web.authentication.UsernamePasswordAuthenticationFilter@4491eaeb, org.springframework.security.web.authentication.ui.DefaultLoginPageGeneratingFilter@5402612e, org.springframework.security.web.authentication.ui.DefaultLogoutPageGeneratingFilter@5891b7c5, org.springframework.security.web.authentication.www.BasicAuthenticationFilter@738a39cc, org.springframework.security.web.savedrequest.RequestCacheAwareFilter@5ad0c70a, org.springframework.security.web.servletapi.SecurityContextHolderAwareRequestFilter@3006bfb, org.springframework.security.web.authentication.AnonymousAuthenticationFilter@4fc3529, org.springframework.security.web.session.SessionManagementFilter@6de33fde, org.springframework.security.web.access.ExceptionTranslationFilter@53525379, org.springframework.security.web.access.intercept.FilterSecurityInterceptor@1827fc4e]
2019-04-18 18:17:38,701 INFO org.apache.juli.logging.DirectJDKLog [main] Starting ProtocolHandler ["http-nio-8085"]
2019-04-18 18:17:38,716 INFO org.springframework.boot.web.embedded.tomcat.TomcatWebServer [main] Tomcat started on port(s): 8085 (http) with context path ''
2019-04-18 18:17:38,716 INFO org.springframework.boot.StartupInfoLogger [main] Started Projet7WebServiceApplication in 4.619 seconds (JVM running for 4.896)
2019-04-18 18:21:49,885 INFO org.springframework.boot.StartupInfoLogger [main] Starting Projet7WebServiceApplication on DESKTOP-GFBBSE4 with PID 15972 (started by picha in C:\Users\picha\Desktop\Projet 7\Projet7-WebService)
2019-04-18 18:21:49,888 DEBUG org.springframework.boot.StartupInfoLogger [main] Running with Spring Boot v2.1.3.RELEASE, Spring v5.1.5.RELEASE
2019-04-18 18:21:49,888 INFO org.springframework.boot.SpringApplication [main] No active profile set, falling back to default profiles: default
2019-04-18 18:21:50,387 INFO org.springframework.data.repository.config.RepositoryConfigurationDelegate [main] Bootstrapping Spring Data repositories in DEFAULT mode.
2019-04-18 18:21:50,473 INFO org.springframework.data.repository.config.RepositoryConfigurationDelegate [main] Finished Spring Data repository scanning in 76ms. Found 7 repository interfaces.
2019-04-18 18:21:50,822 INFO org.springframework.context.support.PostProcessorRegistrationDelegate$BeanPostProcessorChecker [main] Bean 'org.springframework.transaction.annotation.ProxyTransactionManagementConfiguration' of type [org.springframework.transaction.annotation.ProxyTransactionManagementConfiguration$$EnhancerBySpringCGLIB$$a7644e4a] is not eligible for getting processed by all BeanPostProcessors (for example: not eligible for auto-proxying)
2019-04-18 18:21:51,138 INFO org.springframework.boot.web.embedded.tomcat.TomcatWebServer [main] Tomcat initialized with port(s): 8085 (http)
2019-04-18 18:21:51,150 INFO org.apache.juli.logging.DirectJDKLog [main] Initializing ProtocolHandler ["http-nio-8085"]
2019-04-18 18:21:51,157 INFO org.apache.juli.logging.DirectJDKLog [main] Starting service [Tomcat]
2019-04-18 18:21:51,157 INFO org.apache.juli.logging.DirectJDKLog [main] Starting Servlet engine: [Apache Tomcat/9.0.16]
2019-04-18 18:21:51,164 INFO org.apache.juli.logging.DirectJDKLog [main] The APR based Apache Tomcat Native library which allows optimal performance in production environments was not found on the java.library.path: [C:\Program Files\Java\jdk1.8.0_181\bin;C:\Windows\Sun\Java\bin;C:\Windows\system32;C:\Windows;C:/Program Files/Java/jre1.8.0_201/bin/server;C:/Program Files/Java/jre1.8.0_201/bin;C:/Program Files/Java/jre1.8.0_201/lib/amd64;C:\Program Files (x86)\Common Files\Oracle\Java\javapath;C:\Program Files (x86)\Intel\Intel(R) Management Engine Components\iCLS\;C:\Program Files\Intel\Intel(R) Management Engine Components\iCLS\;C:\Windows\system32;C:\Windows;C:\Windows\System32\Wbem;C:\Windows\System32\WindowsPowerShell\v1.0\;C:\Windows\System32\OpenSSH\;C:\Program Files (x86)\NVIDIA Corporation\PhysX\Common;C:\Program Files (x86)\Intel\Intel(R) Management Engine Components\DAL;C:\Program Files\Intel\Intel(R) Management Engine Components\DAL;C:\Program Files (x86)\Intel\Intel(R) Management Engine Components\IPT;C:\Program Files\Intel\Intel(R) Management Engine Components\IPT;C:\Program Files\Intel\WiFi\bin\;C:\Program Files\Common Files\Intel\WirelessCommon\;C:\Program Files\Git\cmd;C:\Users\picha\AppData\Local\Microsoft\WindowsApps;;C:\Users\picha\Desktop;;.]
2019-04-18 18:21:51,272 INFO org.apache.juli.logging.DirectJDKLog [main] Initializing Spring embedded WebApplicationContext
2019-04-18 18:21:51,273 INFO org.springframework.boot.web.servlet.context.ServletWebServerApplicationContext [main] Root WebApplicationContext: initialization completed in 1356 ms
2019-04-18 18:21:51,400 INFO com.zaxxer.hikari.HikariDataSource [main] HikariPool-1 - Starting...
2019-04-18 18:21:51,475 INFO com.zaxxer.hikari.HikariDataSource [main] HikariPool-1 - Start completed.
2019-04-18 18:21:51,514 INFO org.hibernate.jpa.internal.util.LogHelper [main] HHH000204: Processing PersistenceUnitInfo [
	name: default
	...]
2019-04-18 18:21:51,557 INFO org.hibernate.Version [main] HHH000412: Hibernate Core {5.3.7.Final}
2019-04-18 18:21:51,558 INFO org.hibernate.cfg.Environment [main] HHH000206: hibernate.properties not found
2019-04-18 18:21:51,669 INFO org.hibernate.annotations.common.reflection.java.JavaReflectionManager [main] HCANN000001: Hibernate Commons Annotations {5.0.4.Final}
2019-04-18 18:21:51,784 INFO org.hibernate.dialect.Dialect [main] HHH000400: Using dialect: org.hibernate.dialect.PostgreSQLDialect
2019-04-18 18:21:51,798 INFO org.hibernate.engine.jdbc.env.internal.LobCreatorBuilderImpl [main] HHH000422: Disabling contextual LOB creation as connection was null
2019-04-18 18:21:51,803 INFO org.hibernate.type.BasicTypeRegistry [main] HHH000270: Type registration [java.util.UUID] overrides previous : org.hibernate.type.UUIDBinaryType@4f3faa70
2019-04-18 18:21:52,804 INFO org.springframework.orm.jpa.AbstractEntityManagerFactoryBean [main] Initialized JPA EntityManagerFactory for persistence unit 'default'
2019-04-18 18:21:53,141 INFO org.hibernate.hql.internal.QueryTranslatorFactoryInitiator [main] HHH000397: Using ASTQueryTranslatorFactory
2019-04-18 18:21:54,110 INFO org.springframework.scheduling.concurrent.ExecutorConfigurationSupport [main] Initializing ExecutorService 'applicationTaskExecutor'
2019-04-18 18:21:54,153 WARN org.springframework.boot.autoconfigure.orm.jpa.JpaBaseConfiguration$JpaWebConfiguration$JpaWebMvcConfiguration [main] spring.jpa.open-in-view is enabled by default. Therefore, database queries may be performed during view rendering. Explicitly configure spring.jpa.open-in-view to disable this warning
2019-04-18 18:21:54,622 INFO org.springframework.boot.autoconfigure.security.servlet.UserDetailsServiceAutoConfiguration [main] 

Using generated security password: b3fbd653-0387-441f-8c71-7bf4e157f9a9

2019-04-18 18:21:54,748 INFO org.springframework.security.web.DefaultSecurityFilterChain [main] Creating filter chain: any request, [org.springframework.security.web.context.request.async.WebAsyncManagerIntegrationFilter@7c8df667, org.springframework.security.web.context.SecurityContextPersistenceFilter@4fd37449, org.springframework.security.web.header.HeaderWriterFilter@241d1052, org.springframework.security.web.csrf.CsrfFilter@78e387d6, org.springframework.security.web.authentication.logout.LogoutFilter@11015ca0, org.springframework.security.web.authentication.UsernamePasswordAuthenticationFilter@5891b7c5, org.springframework.security.web.authentication.ui.DefaultLoginPageGeneratingFilter@24018c8b, org.springframework.security.web.authentication.ui.DefaultLogoutPageGeneratingFilter@498e41a4, org.springframework.security.web.authentication.www.BasicAuthenticationFilter@2965dd88, org.springframework.security.web.savedrequest.RequestCacheAwareFilter@43445fc6, org.springframework.security.web.servletapi.SecurityContextHolderAwareRequestFilter@40863800, org.springframework.security.web.authentication.AnonymousAuthenticationFilter@be616f0, org.springframework.security.web.session.SessionManagementFilter@5bb99d1d, org.springframework.security.web.access.ExceptionTranslationFilter@4fedf908, org.springframework.security.web.access.intercept.FilterSecurityInterceptor@336d28a1]
2019-04-18 18:21:54,834 INFO org.apache.juli.logging.DirectJDKLog [main] Starting ProtocolHandler ["http-nio-8085"]
2019-04-18 18:21:54,861 INFO org.springframework.boot.web.embedded.tomcat.TomcatWebServer [main] Tomcat started on port(s): 8085 (http) with context path ''
2019-04-18 18:21:54,864 INFO org.springframework.boot.StartupInfoLogger [main] Started Projet7WebServiceApplication in 5.257 seconds (JVM running for 5.568)
2019-04-18 18:24:36,102 ERROR com.bibliotheque.metier.BookBusinessImpl [pool-1-thread-2] Book copyTotals incorrect : book.copyTotals.value.not.correct
