2019-08-30 01:10:41,155 INFO org.springframework.boot.StartupInfoLogger [main] Starting Projet7BatchApplicationTests on DESKTOP-GFBBSE4 with PID 11804 (started by picha in C:\Users\picha\Desktop\Projets\Projet-10\Batch)
2019-08-30 01:10:41,157 DEBUG org.springframework.boot.StartupInfoLogger [main] Running with Spring Boot v2.1.4.RELEASE, Spring v5.1.6.RELEASE
2019-08-30 01:10:41,158 INFO org.springframework.boot.SpringApplication [main] No active profile set, falling back to default profiles: default
2019-08-30 01:10:42,128 INFO org.springframework.scheduling.concurrent.ExecutorConfigurationSupport [main] Initializing ExecutorService 'applicationTaskExecutor'
2019-08-30 01:10:42,301 INFO org.springframework.scheduling.concurrent.ExecutorConfigurationSupport [main] Initializing ExecutorService 'taskScheduler'
2019-08-30 01:10:42,331 INFO org.springframework.boot.StartupInfoLogger [main] Started Projet7BatchApplicationTests in 1.394 seconds (JVM running for 1.958)
2019-08-30 01:10:42,523 INFO org.springframework.scheduling.concurrent.ExecutorConfigurationSupport [Thread-2] Shutting down ExecutorService 'taskScheduler'
2019-08-30 01:10:42,523 INFO org.springframework.scheduling.concurrent.ExecutorConfigurationSupport [Thread-2] Shutting down ExecutorService 'applicationTaskExecutor'
2019-08-30 01:37:50,742 INFO org.springframework.boot.StartupInfoLogger [main] Starting Projet7BatchApplicationTests on DESKTOP-GFBBSE4 with PID 8616 (started by picha in C:\Users\picha\Desktop\Projets\Projet-10\Batch)
2019-08-30 01:37:50,742 DEBUG org.springframework.boot.StartupInfoLogger [main] Running with Spring Boot v2.1.4.RELEASE, Spring v5.1.6.RELEASE
2019-08-30 01:37:50,743 INFO org.springframework.boot.SpringApplication [main] No active profile set, falling back to default profiles: default
2019-08-30 01:37:51,705 INFO org.springframework.scheduling.concurrent.ExecutorConfigurationSupport [main] Initializing ExecutorService 'applicationTaskExecutor'
2019-08-30 01:37:51,876 INFO org.springframework.scheduling.concurrent.ExecutorConfigurationSupport [main] Initializing ExecutorService 'taskScheduler'
2019-08-30 01:37:51,923 INFO org.springframework.boot.StartupInfoLogger [main] Started Projet7BatchApplicationTests in 1.405 seconds (JVM running for 1.924)
2019-08-30 01:37:52,113 INFO org.springframework.scheduling.concurrent.ExecutorConfigurationSupport [Thread-2] Shutting down ExecutorService 'taskScheduler'
2019-08-30 01:37:52,114 INFO org.springframework.scheduling.concurrent.ExecutorConfigurationSupport [Thread-2] Shutting down ExecutorService 'applicationTaskExecutor'
2019-08-30 01:47:12,005 INFO org.springframework.boot.StartupInfoLogger [main] Starting Projet7BatchApplication on DESKTOP-GFBBSE4 with PID 1100 (C:\Users\picha\Desktop\Projets\Projet-10\Batch\target\classes started by picha in C:\Users\picha\Desktop\Projets\Projet-10\Batch)
2019-08-30 01:47:12,007 DEBUG org.springframework.boot.StartupInfoLogger [main] Running with Spring Boot v2.1.4.RELEASE, Spring v5.1.6.RELEASE
2019-08-30 01:47:12,008 INFO org.springframework.boot.SpringApplication [main] No active profile set, falling back to default profiles: default
2019-08-30 01:47:12,918 INFO org.springframework.boot.web.embedded.tomcat.TomcatWebServer [main] Tomcat initialized with port(s): 8086 (http)
2019-08-30 01:47:12,933 INFO org.apache.juli.logging.DirectJDKLog [main] Initializing ProtocolHandler ["http-nio-8086"]
2019-08-30 01:47:12,940 INFO org.apache.juli.logging.DirectJDKLog [main] Starting service [Tomcat]
2019-08-30 01:47:12,940 INFO org.apache.juli.logging.DirectJDKLog [main] Starting Servlet engine: [Apache Tomcat/9.0.17]
2019-08-30 01:47:13,010 INFO org.apache.juli.logging.DirectJDKLog [main] Initializing Spring embedded WebApplicationContext
2019-08-30 01:47:13,011 INFO org.springframework.boot.web.servlet.context.ServletWebServerApplicationContext [main] Root WebApplicationContext: initialization completed in 945 ms
2019-08-30 01:47:13,228 INFO org.springframework.scheduling.concurrent.ExecutorConfigurationSupport [main] Initializing ExecutorService 'applicationTaskExecutor'
2019-08-30 01:47:13,321 INFO org.springframework.scheduling.concurrent.ExecutorConfigurationSupport [main] Initializing ExecutorService 'taskScheduler'
2019-08-30 01:47:13,345 INFO org.apache.juli.logging.DirectJDKLog [main] Starting ProtocolHandler ["http-nio-8086"]
2019-08-30 01:47:13,364 INFO org.springframework.boot.web.embedded.tomcat.TomcatWebServer [main] Tomcat started on port(s): 8086 (http) with context path ''
2019-08-30 01:47:13,367 INFO org.springframework.boot.StartupInfoLogger [main] Started Projet7BatchApplication in 1.634 seconds (JVM running for 1.86)
2019-08-30 01:52:54,172 INFO org.springframework.boot.StartupInfoLogger [main] Starting Projet7BatchApplicationTests on DESKTOP-GFBBSE4 with PID 3756 (started by picha in C:\Users\picha\Desktop\Projets\Projet-10\Batch)
2019-08-30 01:52:54,172 DEBUG org.springframework.boot.StartupInfoLogger [main] Running with Spring Boot v2.1.4.RELEASE, Spring v5.1.6.RELEASE
2019-08-30 01:52:54,173 INFO org.springframework.boot.SpringApplication [main] No active profile set, falling back to default profiles: default
2019-08-30 01:52:55,162 INFO org.springframework.scheduling.concurrent.ExecutorConfigurationSupport [main] Initializing ExecutorService 'applicationTaskExecutor'
2019-08-30 01:52:55,316 INFO org.springframework.scheduling.concurrent.ExecutorConfigurationSupport [main] Initializing ExecutorService 'taskScheduler'
2019-08-30 01:52:55,353 INFO org.springframework.boot.StartupInfoLogger [main] Started Projet7BatchApplicationTests in 1.399 seconds (JVM running for 1.912)
2019-08-30 01:52:55,584 INFO org.springframework.scheduling.concurrent.ExecutorConfigurationSupport [Thread-2] Shutting down ExecutorService 'taskScheduler'
2019-08-30 01:52:55,585 INFO org.springframework.scheduling.concurrent.ExecutorConfigurationSupport [Thread-2] Shutting down ExecutorService 'applicationTaskExecutor'
