2019-04-16 17:35:45,609 INFO org.springframework.boot.StartupInfoLogger [main] Starting Projet7BatchApplicationTests on DESKTOP-GFBBSE4 with PID 18468 (started by picha in C:\Users\picha\Desktop\Projet 7\Projet7-Batch)
2019-04-16 17:35:45,611 DEBUG org.springframework.boot.StartupInfoLogger [main] Running with Spring Boot v2.1.4.RELEASE, Spring v5.1.6.RELEASE
2019-04-16 17:35:45,611 INFO org.springframework.boot.SpringApplication [main] No active profile set, falling back to default profiles: default
2019-04-16 17:35:46,552 INFO org.springframework.scheduling.concurrent.ExecutorConfigurationSupport [main] Initializing ExecutorService 'applicationTaskExecutor'
2019-04-16 17:35:46,720 INFO org.springframework.scheduling.concurrent.ExecutorConfigurationSupport [main] Initializing ExecutorService 'taskScheduler'
2019-04-16 17:35:46,751 INFO org.springframework.boot.StartupInfoLogger [main] Started Projet7BatchApplicationTests in 1.349 seconds (JVM running for 1.854)
2019-04-16 17:35:46,965 INFO org.springframework.scheduling.concurrent.ExecutorConfigurationSupport [Thread-2] Shutting down ExecutorService 'taskScheduler'
2019-04-16 17:35:46,965 INFO org.springframework.scheduling.concurrent.ExecutorConfigurationSupport [Thread-2] Shutting down ExecutorService 'applicationTaskExecutor'
2019-04-16 17:42:43,538 INFO org.springframework.boot.StartupInfoLogger [main] Starting Projet7BatchApplicationTests on DESKTOP-GFBBSE4 with PID 1616 (started by picha in C:\Users\picha\Desktop\Projet 7\Projet7-Batch)
2019-04-16 17:42:43,539 DEBUG org.springframework.boot.StartupInfoLogger [main] Running with Spring Boot v2.1.4.RELEASE, Spring v5.1.6.RELEASE
2019-04-16 17:42:43,539 INFO org.springframework.boot.SpringApplication [main] No active profile set, falling back to default profiles: default
2019-04-16 17:42:44,481 INFO org.springframework.scheduling.concurrent.ExecutorConfigurationSupport [main] Initializing ExecutorService 'applicationTaskExecutor'
2019-04-16 17:42:44,663 INFO org.springframework.scheduling.concurrent.ExecutorConfigurationSupport [main] Initializing ExecutorService 'taskScheduler'
2019-04-16 17:42:44,692 INFO org.springframework.boot.StartupInfoLogger [main] Started Projet7BatchApplicationTests in 1.364 seconds (JVM running for 1.89)
2019-04-16 17:42:44,836 INFO org.springframework.scheduling.concurrent.ExecutorConfigurationSupport [Thread-2] Shutting down ExecutorService 'taskScheduler'
2019-04-16 17:42:44,836 INFO org.springframework.scheduling.concurrent.ExecutorConfigurationSupport [Thread-2] Shutting down ExecutorService 'applicationTaskExecutor'
2019-04-16 17:57:41,529 INFO org.springframework.boot.StartupInfoLogger [main] Starting Projet7BatchApplicationTests on DESKTOP-GFBBSE4 with PID 11592 (started by picha in C:\Users\picha\Desktop\Projet 7\Projet7-Batch)
2019-04-16 17:57:41,530 DEBUG org.springframework.boot.StartupInfoLogger [main] Running with Spring Boot v2.1.4.RELEASE, Spring v5.1.6.RELEASE
2019-04-16 17:57:41,530 INFO org.springframework.boot.SpringApplication [main] No active profile set, falling back to default profiles: default
2019-04-16 17:57:42,415 INFO org.springframework.scheduling.concurrent.ExecutorConfigurationSupport [main] Initializing ExecutorService 'applicationTaskExecutor'
2019-04-16 17:57:42,560 INFO org.springframework.scheduling.concurrent.ExecutorConfigurationSupport [main] Initializing ExecutorService 'taskScheduler'
2019-04-16 17:57:42,588 INFO org.springframework.boot.StartupInfoLogger [main] Started Projet7BatchApplicationTests in 1.249 seconds (JVM running for 1.724)
2019-04-16 17:57:42,764 INFO org.springframework.scheduling.concurrent.ExecutorConfigurationSupport [Thread-2] Shutting down ExecutorService 'taskScheduler'
2019-04-16 17:57:42,764 INFO org.springframework.scheduling.concurrent.ExecutorConfigurationSupport [Thread-2] Shutting down ExecutorService 'applicationTaskExecutor'
2019-04-16 18:06:54,193 INFO org.springframework.boot.StartupInfoLogger [main] Starting Projet7BatchApplication on DESKTOP-GFBBSE4 with PID 13680 (started by picha in C:\Users\picha\Desktop\Projet 7\Projet7-Batch)
2019-04-16 18:06:54,193 DEBUG org.springframework.boot.StartupInfoLogger [main] Running with Spring Boot v2.1.4.RELEASE, Spring v5.1.6.RELEASE
2019-04-16 18:06:54,193 INFO org.springframework.boot.SpringApplication [main] No active profile set, falling back to default profiles: default
2019-04-16 18:06:55,131 INFO org.springframework.boot.web.embedded.tomcat.TomcatWebServer [main] Tomcat initialized with port(s): 8086 (http)
2019-04-16 18:06:55,154 INFO org.apache.juli.logging.DirectJDKLog [main] Initializing ProtocolHandler ["http-nio-8086"]
2019-04-16 18:06:55,161 INFO org.apache.juli.logging.DirectJDKLog [main] Starting service [Tomcat]
2019-04-16 18:06:55,161 INFO org.apache.juli.logging.DirectJDKLog [main] Starting Servlet engine: [Apache Tomcat/9.0.17]
2019-04-16 18:06:55,224 INFO org.apache.juli.logging.DirectJDKLog [main] Initializing Spring embedded WebApplicationContext
2019-04-16 18:06:55,224 INFO org.springframework.boot.web.servlet.context.ServletWebServerApplicationContext [main] Root WebApplicationContext: initialization completed in 999 ms
2019-04-16 18:06:55,365 INFO org.springframework.scheduling.concurrent.ExecutorConfigurationSupport [main] Initializing ExecutorService 'applicationTaskExecutor'
2019-04-16 18:06:55,443 INFO org.springframework.scheduling.concurrent.ExecutorConfigurationSupport [main] Initializing ExecutorService 'taskScheduler'
2019-04-16 18:06:55,458 INFO com.bibliotheque.batch.BatchSendMail [scheduling-1] bonjour
2019-04-16 18:06:55,458 INFO com.bibliotheque.batch.BatchSendMail [scheduling-1] Batch de rappel de retard par email r√©alis√© avec succ√®s
2019-04-16 18:06:55,458 INFO org.apache.juli.logging.DirectJDKLog [main] Starting ProtocolHandler ["http-nio-8086"]
2019-04-16 18:06:55,552 INFO org.springframework.boot.web.embedded.tomcat.TomcatWebServer [main] Tomcat started on port(s): 8086 (http) with context path ''
2019-04-16 18:06:55,552 INFO org.springframework.boot.StartupInfoLogger [main] Started Projet7BatchApplication in 1.629 seconds (JVM running for 2.068)
2019-04-16 18:07:00,475 INFO com.bibliotheque.batch.BatchSendMail [scheduling-1] bonjour
2019-04-16 18:07:00,475 INFO com.bibliotheque.batch.BatchSendMail [scheduling-1] Batch de rappel de retard par email r√©alis√© avec succ√®s
2019-04-16 18:07:05,482 INFO com.bibliotheque.batch.BatchSendMail [scheduling-1] bonjour
2019-04-16 18:07:05,482 INFO com.bibliotheque.batch.BatchSendMail [scheduling-1] Batch de rappel de retard par email r√©alis√© avec succ√®s
2019-04-16 18:07:33,076 INFO org.springframework.boot.StartupInfoLogger [main] Starting Projet7BatchApplicationTests on DESKTOP-GFBBSE4 with PID 10872 (started by picha in C:\Users\picha\Desktop\Projet 7\Projet7-Batch)
2019-04-16 18:07:33,076 DEBUG org.springframework.boot.StartupInfoLogger [main] Running with Spring Boot v2.1.4.RELEASE, Spring v5.1.6.RELEASE
2019-04-16 18:07:33,076 INFO org.springframework.boot.SpringApplication [main] No active profile set, falling back to default profiles: default
2019-04-16 18:07:33,950 INFO org.springframework.scheduling.concurrent.ExecutorConfigurationSupport [main] Initializing ExecutorService 'applicationTaskExecutor'
2019-04-16 18:07:34,098 INFO org.springframework.scheduling.concurrent.ExecutorConfigurationSupport [main] Initializing ExecutorService 'taskScheduler'
2019-04-16 18:07:34,129 INFO com.bibliotheque.batch.BatchSendMail [scheduling-1] bonjour
2019-04-16 18:07:34,129 INFO com.bibliotheque.batch.BatchSendMail [scheduling-1] Batch de rappel de retard par email rÈalisÈ avec succËs
2019-04-16 18:07:34,145 INFO org.springframework.boot.StartupInfoLogger [main] Started Projet7BatchApplicationTests in 1.273 seconds (JVM running for 1.799)
2019-04-16 18:07:34,301 INFO org.springframework.scheduling.concurrent.ExecutorConfigurationSupport [Thread-2] Shutting down ExecutorService 'taskScheduler'
2019-04-16 18:07:34,301 INFO org.springframework.scheduling.concurrent.ExecutorConfigurationSupport [Thread-2] Shutting down ExecutorService 'applicationTaskExecutor'
