2019-04-13 15:01:57,081 INFO org.springframework.boot.StartupInfoLogger [main] Starting Projet7BatchApplication on DESKTOP-GFBBSE4 with PID 9452 (started by picha in C:\Users\picha\Desktop\Projet 7\Projet7-Batch)
2019-04-13 15:01:57,083 DEBUG org.springframework.boot.StartupInfoLogger [main] Running with Spring Boot v2.1.4.RELEASE, Spring v5.1.6.RELEASE
2019-04-13 15:01:57,084 INFO org.springframework.boot.SpringApplication [main] No active profile set, falling back to default profiles: default
2019-04-13 15:01:57,899 INFO org.springframework.boot.web.embedded.tomcat.TomcatWebServer [main] Tomcat initialized with port(s): 8086 (http)
2019-04-13 15:01:57,910 INFO org.apache.juli.logging.DirectJDKLog [main] Initializing ProtocolHandler ["http-nio-8086"]
2019-04-13 15:01:57,919 INFO org.apache.juli.logging.DirectJDKLog [main] Starting service [Tomcat]
2019-04-13 15:01:57,919 INFO org.apache.juli.logging.DirectJDKLog [main] Starting Servlet engine: [Apache Tomcat/9.0.17]
2019-04-13 15:01:57,986 INFO org.apache.juli.logging.DirectJDKLog [main] Initializing Spring embedded WebApplicationContext
2019-04-13 15:01:57,988 INFO org.springframework.boot.web.servlet.context.ServletWebServerApplicationContext [main] Root WebApplicationContext: initialization completed in 867 ms
2019-04-13 15:01:58,145 INFO org.springframework.scheduling.concurrent.ExecutorConfigurationSupport [main] Initializing ExecutorService 'applicationTaskExecutor'
2019-04-13 15:01:58,259 INFO org.springframework.scheduling.concurrent.ExecutorConfigurationSupport [main] Initializing ExecutorService 'taskScheduler'
2019-04-13 15:01:58,319 INFO org.apache.juli.logging.DirectJDKLog [main] Starting ProtocolHandler ["http-nio-8086"]
2019-04-13 15:01:58,338 INFO org.springframework.boot.web.embedded.tomcat.TomcatWebServer [main] Tomcat started on port(s): 8086 (http) with context path ''
2019-04-13 15:01:58,340 INFO org.springframework.boot.StartupInfoLogger [main] Started Projet7BatchApplication in 1.53 seconds (JVM running for 1.753)
2019-04-13 15:02:10,001 INFO com.bibliotheque.batch.BatchSendMail [scheduling-1] Batch de rappel de retard par email réalisé avec succès
2019-04-13 15:03:10,002 INFO com.bibliotheque.batch.BatchSendMail [scheduling-1] Batch de rappel de retard par email réalisé avec succès
2019-04-13 15:33:17,839 INFO org.springframework.boot.StartupInfoLogger [main] Starting Projet7BatchApplication on DESKTOP-GFBBSE4 with PID 1620 (started by picha in C:\Users\picha\Desktop\Projet 7\Projet7-Batch)
2019-04-13 15:33:17,841 DEBUG org.springframework.boot.StartupInfoLogger [main] Running with Spring Boot v2.1.4.RELEASE, Spring v5.1.6.RELEASE
2019-04-13 15:33:17,841 INFO org.springframework.boot.SpringApplication [main] No active profile set, falling back to default profiles: default
2019-04-13 15:33:18,699 INFO org.springframework.boot.web.embedded.tomcat.TomcatWebServer [main] Tomcat initialized with port(s): 8086 (http)
2019-04-13 15:33:18,711 INFO org.apache.juli.logging.DirectJDKLog [main] Initializing ProtocolHandler ["http-nio-8086"]
2019-04-13 15:33:18,718 INFO org.apache.juli.logging.DirectJDKLog [main] Starting service [Tomcat]
2019-04-13 15:33:18,719 INFO org.apache.juli.logging.DirectJDKLog [main] Starting Servlet engine: [Apache Tomcat/9.0.17]
2019-04-13 15:33:18,795 INFO org.apache.juli.logging.DirectJDKLog [main] Initializing Spring embedded WebApplicationContext
2019-04-13 15:33:18,796 INFO org.springframework.boot.web.servlet.context.ServletWebServerApplicationContext [main] Root WebApplicationContext: initialization completed in 922 ms
2019-04-13 15:33:18,938 INFO org.springframework.scheduling.concurrent.ExecutorConfigurationSupport [main] Initializing ExecutorService 'applicationTaskExecutor'
2019-04-13 15:33:19,040 INFO org.springframework.scheduling.concurrent.ExecutorConfigurationSupport [main] Initializing ExecutorService 'taskScheduler'
2019-04-13 15:33:19,091 INFO org.apache.juli.logging.DirectJDKLog [main] Starting ProtocolHandler ["http-nio-8086"]
2019-04-13 15:33:19,107 INFO org.springframework.boot.web.embedded.tomcat.TomcatWebServer [main] Tomcat started on port(s): 8086 (http) with context path ''
2019-04-13 15:33:19,110 INFO org.springframework.boot.StartupInfoLogger [main] Started Projet7BatchApplication in 1.552 seconds (JVM running for 1.791)
2019-04-13 15:33:28,378 INFO org.springframework.boot.StartupInfoLogger [main] Starting Projet7BatchApplication on DESKTOP-GFBBSE4 with PID 1132 (started by picha in C:\Users\picha\Desktop\Projet 7\Projet7-Batch)
2019-04-13 15:33:28,380 DEBUG org.springframework.boot.StartupInfoLogger [main] Running with Spring Boot v2.1.4.RELEASE, Spring v5.1.6.RELEASE
2019-04-13 15:33:28,380 INFO org.springframework.boot.SpringApplication [main] No active profile set, falling back to default profiles: default
2019-04-13 15:33:29,183 INFO org.springframework.boot.web.embedded.tomcat.TomcatWebServer [main] Tomcat initialized with port(s): 8086 (http)
2019-04-13 15:33:29,195 INFO org.apache.juli.logging.DirectJDKLog [main] Initializing ProtocolHandler ["http-nio-8086"]
2019-04-13 15:33:29,202 INFO org.apache.juli.logging.DirectJDKLog [main] Starting service [Tomcat]
2019-04-13 15:33:29,203 INFO org.apache.juli.logging.DirectJDKLog [main] Starting Servlet engine: [Apache Tomcat/9.0.17]
2019-04-13 15:33:29,267 INFO org.apache.juli.logging.DirectJDKLog [main] Initializing Spring embedded WebApplicationContext
2019-04-13 15:33:29,268 INFO org.springframework.boot.web.servlet.context.ServletWebServerApplicationContext [main] Root WebApplicationContext: initialization completed in 856 ms
2019-04-13 15:33:29,416 INFO org.springframework.scheduling.concurrent.ExecutorConfigurationSupport [main] Initializing ExecutorService 'applicationTaskExecutor'
2019-04-13 15:33:29,510 INFO org.springframework.scheduling.concurrent.ExecutorConfigurationSupport [main] Initializing ExecutorService 'taskScheduler'
2019-04-13 15:33:29,563 INFO org.apache.juli.logging.DirectJDKLog [main] Starting ProtocolHandler ["http-nio-8086"]
2019-04-13 15:33:29,582 INFO org.springframework.boot.web.embedded.tomcat.TomcatWebServer [main] Tomcat started on port(s): 8086 (http) with context path ''
2019-04-13 15:33:29,584 INFO org.springframework.boot.StartupInfoLogger [main] Started Projet7BatchApplication in 1.467 seconds (JVM running for 1.693)
2019-04-13 15:33:50,572 INFO org.springframework.boot.StartupInfoLogger [main] Starting Projet7BatchApplication on DESKTOP-GFBBSE4 with PID 14844 (started by picha in C:\Users\picha\Desktop\Projet 7\Projet7-Batch)
2019-04-13 15:33:50,573 DEBUG org.springframework.boot.StartupInfoLogger [main] Running with Spring Boot v2.1.4.RELEASE, Spring v5.1.6.RELEASE
2019-04-13 15:33:50,576 INFO org.springframework.boot.SpringApplication [main] No active profile set, falling back to default profiles: default
2019-04-13 15:33:51,403 INFO org.springframework.boot.web.embedded.tomcat.TomcatWebServer [main] Tomcat initialized with port(s): 8086 (http)
2019-04-13 15:33:51,417 INFO org.apache.juli.logging.DirectJDKLog [main] Initializing ProtocolHandler ["http-nio-8086"]
2019-04-13 15:33:51,424 INFO org.apache.juli.logging.DirectJDKLog [main] Starting service [Tomcat]
2019-04-13 15:33:51,425 INFO org.apache.juli.logging.DirectJDKLog [main] Starting Servlet engine: [Apache Tomcat/9.0.17]
2019-04-13 15:33:51,487 INFO org.apache.juli.logging.DirectJDKLog [main] Initializing Spring embedded WebApplicationContext
2019-04-13 15:33:51,488 INFO org.springframework.boot.web.servlet.context.ServletWebServerApplicationContext [main] Root WebApplicationContext: initialization completed in 883 ms
2019-04-13 15:33:51,647 INFO org.springframework.scheduling.concurrent.ExecutorConfigurationSupport [main] Initializing ExecutorService 'applicationTaskExecutor'
2019-04-13 15:33:51,754 INFO org.springframework.scheduling.concurrent.ExecutorConfigurationSupport [main] Initializing ExecutorService 'taskScheduler'
2019-04-13 15:33:51,803 INFO org.apache.juli.logging.DirectJDKLog [main] Starting ProtocolHandler ["http-nio-8086"]
2019-04-13 15:33:51,820 INFO org.springframework.boot.web.embedded.tomcat.TomcatWebServer [main] Tomcat started on port(s): 8086 (http) with context path ''
2019-04-13 15:33:51,822 INFO org.springframework.boot.StartupInfoLogger [main] Started Projet7BatchApplication in 1.535 seconds (JVM running for 1.799)
