2019-04-19 15:38:00,162 INFO org.springframework.boot.StartupInfoLogger [main] Starting Projet7BatchApplicationTests on DESKTOP-GFBBSE4 with PID 17032 (started by picha in C:\Users\picha\Desktop\Projet 7\Projet7-Batch)
2019-04-19 15:38:00,164 DEBUG org.springframework.boot.StartupInfoLogger [main] Running with Spring Boot v2.1.4.RELEASE, Spring v5.1.6.RELEASE
2019-04-19 15:38:00,164 INFO org.springframework.boot.SpringApplication [main] No active profile set, falling back to default profiles: default
2019-04-19 15:38:01,095 INFO org.springframework.scheduling.concurrent.ExecutorConfigurationSupport [main] Initializing ExecutorService 'applicationTaskExecutor'
2019-04-19 15:38:01,261 INFO org.springframework.scheduling.concurrent.ExecutorConfigurationSupport [main] Initializing ExecutorService 'taskScheduler'
2019-04-19 15:38:01,292 INFO org.springframework.boot.StartupInfoLogger [main] Started Projet7BatchApplicationTests in 1.36 seconds (JVM running for 1.907)
2019-04-19 15:38:01,495 INFO org.springframework.scheduling.concurrent.ExecutorConfigurationSupport [Thread-2] Shutting down ExecutorService 'taskScheduler'
2019-04-19 15:38:01,495 INFO org.springframework.scheduling.concurrent.ExecutorConfigurationSupport [Thread-2] Shutting down ExecutorService 'applicationTaskExecutor'
2019-04-19 15:42:12,181 INFO org.springframework.boot.StartupInfoLogger [main] Starting Projet7BatchApplicationTests on DESKTOP-GFBBSE4 with PID 4264 (started by picha in C:\Users\picha\Desktop\Projet 7\Projet7-Batch)
2019-04-19 15:42:12,181 DEBUG org.springframework.boot.StartupInfoLogger [main] Running with Spring Boot v2.1.4.RELEASE, Spring v5.1.6.RELEASE
2019-04-19 15:42:12,183 INFO org.springframework.boot.SpringApplication [main] No active profile set, falling back to default profiles: default
2019-04-19 15:42:13,139 INFO org.springframework.scheduling.concurrent.ExecutorConfigurationSupport [main] Initializing ExecutorService 'applicationTaskExecutor'
2019-04-19 15:42:13,327 INFO org.springframework.scheduling.concurrent.ExecutorConfigurationSupport [main] Initializing ExecutorService 'taskScheduler'
2019-04-19 15:42:13,362 INFO org.springframework.boot.StartupInfoLogger [main] Started Projet7BatchApplicationTests in 1.39 seconds (JVM running for 1.897)
2019-04-19 15:42:13,559 INFO org.springframework.scheduling.concurrent.ExecutorConfigurationSupport [Thread-2] Shutting down ExecutorService 'taskScheduler'
2019-04-19 15:42:13,559 INFO org.springframework.scheduling.concurrent.ExecutorConfigurationSupport [Thread-2] Shutting down ExecutorService 'applicationTaskExecutor'
2019-04-19 15:43:43,981 INFO org.springframework.boot.StartupInfoLogger [main] Starting Projet7BatchApplicationTests on DESKTOP-GFBBSE4 with PID 1204 (started by picha in C:\Users\picha\Desktop\Projet 7\Projet7-Batch)
2019-04-19 15:43:43,982 DEBUG org.springframework.boot.StartupInfoLogger [main] Running with Spring Boot v2.1.4.RELEASE, Spring v5.1.6.RELEASE
2019-04-19 15:43:43,983 INFO org.springframework.boot.SpringApplication [main] No active profile set, falling back to default profiles: default
2019-04-19 15:43:44,915 INFO org.springframework.scheduling.concurrent.ExecutorConfigurationSupport [main] Initializing ExecutorService 'applicationTaskExecutor'
2019-04-19 15:43:45,084 INFO org.springframework.scheduling.concurrent.ExecutorConfigurationSupport [main] Initializing ExecutorService 'taskScheduler'
2019-04-19 15:43:45,119 INFO org.springframework.boot.StartupInfoLogger [main] Started Projet7BatchApplicationTests in 1.351 seconds (JVM running for 1.848)
2019-04-19 15:43:45,308 INFO org.springframework.scheduling.concurrent.ExecutorConfigurationSupport [Thread-2] Shutting down ExecutorService 'taskScheduler'
2019-04-19 15:43:45,308 INFO org.springframework.scheduling.concurrent.ExecutorConfigurationSupport [Thread-2] Shutting down ExecutorService 'applicationTaskExecutor'
2019-04-19 15:44:38,385 INFO org.springframework.boot.StartupInfoLogger [main] Starting Projet7BatchApplicationTests on DESKTOP-GFBBSE4 with PID 10292 (started by picha in C:\Users\picha\Desktop\Projet 7\Projet7-Batch)
2019-04-19 15:44:38,386 DEBUG org.springframework.boot.StartupInfoLogger [main] Running with Spring Boot v2.1.4.RELEASE, Spring v5.1.6.RELEASE
2019-04-19 15:44:38,386 INFO org.springframework.boot.SpringApplication [main] No active profile set, falling back to default profiles: default
2019-04-19 15:44:39,295 INFO org.springframework.scheduling.concurrent.ExecutorConfigurationSupport [main] Initializing ExecutorService 'applicationTaskExecutor'
2019-04-19 15:44:39,444 INFO org.springframework.scheduling.concurrent.ExecutorConfigurationSupport [main] Initializing ExecutorService 'taskScheduler'
2019-04-19 15:44:39,472 INFO org.springframework.boot.StartupInfoLogger [main] Started Projet7BatchApplicationTests in 1.294 seconds (JVM running for 1.779)
2019-04-19 15:44:39,659 INFO org.springframework.scheduling.concurrent.ExecutorConfigurationSupport [Thread-2] Shutting down ExecutorService 'taskScheduler'
2019-04-19 15:44:39,659 INFO org.springframework.scheduling.concurrent.ExecutorConfigurationSupport [Thread-2] Shutting down ExecutorService 'applicationTaskExecutor'
2019-04-19 15:46:50,938 INFO org.springframework.boot.StartupInfoLogger [main] Starting Projet7BatchApplicationTests on DESKTOP-GFBBSE4 with PID 12744 (started by picha in C:\Users\picha\Desktop\Projet 7\Projet7-Batch)
2019-04-19 15:46:50,938 DEBUG org.springframework.boot.StartupInfoLogger [main] Running with Spring Boot v2.1.4.RELEASE, Spring v5.1.6.RELEASE
2019-04-19 15:46:50,939 INFO org.springframework.boot.SpringApplication [main] No active profile set, falling back to default profiles: default
2019-04-19 15:46:51,852 INFO org.springframework.scheduling.concurrent.ExecutorConfigurationSupport [main] Initializing ExecutorService 'applicationTaskExecutor'
2019-04-19 15:46:52,006 INFO org.springframework.scheduling.concurrent.ExecutorConfigurationSupport [main] Initializing ExecutorService 'taskScheduler'
2019-04-19 15:46:52,035 INFO org.springframework.boot.StartupInfoLogger [main] Started Projet7BatchApplicationTests in 1.303 seconds (JVM running for 1.791)
2019-04-19 15:46:52,205 INFO org.springframework.scheduling.concurrent.ExecutorConfigurationSupport [Thread-2] Shutting down ExecutorService 'taskScheduler'
2019-04-19 15:46:52,206 INFO org.springframework.scheduling.concurrent.ExecutorConfigurationSupport [Thread-2] Shutting down ExecutorService 'applicationTaskExecutor'
2019-04-19 15:47:42,129 INFO org.springframework.boot.StartupInfoLogger [main] Starting Projet7BatchApplicationTests on DESKTOP-GFBBSE4 with PID 3188 (started by picha in C:\Users\picha\Desktop\Projet 7\Projet7-Batch)
2019-04-19 15:47:42,129 DEBUG org.springframework.boot.StartupInfoLogger [main] Running with Spring Boot v2.1.4.RELEASE, Spring v5.1.6.RELEASE
2019-04-19 15:47:42,130 INFO org.springframework.boot.SpringApplication [main] No active profile set, falling back to default profiles: default
2019-04-19 15:47:43,085 INFO org.springframework.scheduling.concurrent.ExecutorConfigurationSupport [main] Initializing ExecutorService 'applicationTaskExecutor'
2019-04-19 15:47:43,237 INFO org.springframework.scheduling.concurrent.ExecutorConfigurationSupport [main] Initializing ExecutorService 'taskScheduler'
2019-04-19 15:47:43,266 INFO org.springframework.boot.StartupInfoLogger [main] Started Projet7BatchApplicationTests in 1.35 seconds (JVM running for 1.822)
2019-04-19 15:47:43,436 INFO org.springframework.scheduling.concurrent.ExecutorConfigurationSupport [Thread-2] Shutting down ExecutorService 'taskScheduler'
2019-04-19 15:47:43,437 INFO org.springframework.scheduling.concurrent.ExecutorConfigurationSupport [Thread-2] Shutting down ExecutorService 'applicationTaskExecutor'
2019-04-19 17:48:34,642 INFO org.springframework.boot.StartupInfoLogger [main] Starting Projet7BatchApplicationTests on DESKTOP-GFBBSE4 with PID 10292 (started by picha in C:\Users\picha\Desktop\Projet 7\Projet7-Batch)
2019-04-19 17:48:34,642 DEBUG org.springframework.boot.StartupInfoLogger [main] Running with Spring Boot v2.1.4.RELEASE, Spring v5.1.6.RELEASE
2019-04-19 17:48:34,643 INFO org.springframework.boot.SpringApplication [main] No active profile set, falling back to default profiles: default
2019-04-19 17:48:35,586 INFO org.springframework.scheduling.concurrent.ExecutorConfigurationSupport [main] Initializing ExecutorService 'applicationTaskExecutor'
2019-04-19 17:48:35,740 INFO org.springframework.scheduling.concurrent.ExecutorConfigurationSupport [main] Initializing ExecutorService 'taskScheduler'
2019-04-19 17:48:35,769 INFO org.springframework.boot.StartupInfoLogger [main] Started Projet7BatchApplicationTests in 1.357 seconds (JVM running for 1.836)
2019-04-19 17:48:35,956 INFO org.springframework.scheduling.concurrent.ExecutorConfigurationSupport [Thread-2] Shutting down ExecutorService 'taskScheduler'
2019-04-19 17:48:35,958 INFO org.springframework.scheduling.concurrent.ExecutorConfigurationSupport [Thread-2] Shutting down ExecutorService 'applicationTaskExecutor'
2019-04-19 17:55:11,273 INFO org.springframework.boot.StartupInfoLogger [main] Starting Projet7BatchApplicationTests on DESKTOP-GFBBSE4 with PID 16232 (started by picha in C:\Users\picha\Desktop\Projet 7\Projet7-Batch)
2019-04-19 17:55:11,274 DEBUG org.springframework.boot.StartupInfoLogger [main] Running with Spring Boot v2.1.4.RELEASE, Spring v5.1.6.RELEASE
2019-04-19 17:55:11,274 INFO org.springframework.boot.SpringApplication [main] No active profile set, falling back to default profiles: default
2019-04-19 17:55:12,261 INFO org.springframework.scheduling.concurrent.ExecutorConfigurationSupport [main] Initializing ExecutorService 'applicationTaskExecutor'
2019-04-19 17:55:12,413 INFO org.springframework.scheduling.concurrent.ExecutorConfigurationSupport [main] Initializing ExecutorService 'taskScheduler'
2019-04-19 17:55:12,444 INFO org.springframework.boot.StartupInfoLogger [main] Started Projet7BatchApplicationTests in 1.368 seconds (JVM running for 1.873)
2019-04-19 17:55:12,617 INFO org.springframework.scheduling.concurrent.ExecutorConfigurationSupport [Thread-2] Shutting down ExecutorService 'taskScheduler'
2019-04-19 17:55:12,618 INFO org.springframework.scheduling.concurrent.ExecutorConfigurationSupport [Thread-2] Shutting down ExecutorService 'applicationTaskExecutor'
2019-04-19 17:56:15,426 INFO org.springframework.boot.StartupInfoLogger [main] Starting Projet7BatchApplicationTests on DESKTOP-GFBBSE4 with PID 7680 (started by picha in C:\Users\picha\Desktop\Projet 7\Projet7-Batch)
2019-04-19 17:56:15,426 DEBUG org.springframework.boot.StartupInfoLogger [main] Running with Spring Boot v2.1.4.RELEASE, Spring v5.1.6.RELEASE
2019-04-19 17:56:15,427 INFO org.springframework.boot.SpringApplication [main] No active profile set, falling back to default profiles: default
2019-04-19 17:56:16,352 INFO org.springframework.scheduling.concurrent.ExecutorConfigurationSupport [main] Initializing ExecutorService 'applicationTaskExecutor'
2019-04-19 17:56:16,523 INFO org.springframework.scheduling.concurrent.ExecutorConfigurationSupport [main] Initializing ExecutorService 'taskScheduler'
2019-04-19 17:56:16,551 INFO org.springframework.boot.StartupInfoLogger [main] Started Projet7BatchApplicationTests in 1.335 seconds (JVM running for 1.815)
2019-04-19 17:56:16,723 INFO org.springframework.scheduling.concurrent.ExecutorConfigurationSupport [Thread-2] Shutting down ExecutorService 'taskScheduler'
2019-04-19 17:56:16,723 INFO org.springframework.scheduling.concurrent.ExecutorConfigurationSupport [Thread-2] Shutting down ExecutorService 'applicationTaskExecutor'
