2019-08-06 18:15:48,445 INFO org.springframework.boot.StartupInfoLogger [restartedMain] Starting Projet7WebApplication on DESKTOP-EAH8HBP with PID 10616 (C:\Users\Morgan\Desktop\Workspace\Projet-10\Wep-Application\target\classes started by Morgan in C:\Users\Morgan\Desktop\Workspace\Projet-10\Wep-Application)
2019-08-06 18:15:48,445 DEBUG org.springframework.boot.StartupInfoLogger [restartedMain] Running with Spring Boot v2.1.3.RELEASE, Spring v5.1.5.RELEASE
2019-08-06 18:15:48,445 INFO org.springframework.boot.SpringApplication [restartedMain] No active profile set, falling back to default profiles: default
2019-08-06 18:15:48,743 INFO org.springframework.boot.logging.DeferredLog [restartedMain] Devtools property defaults active! Set 'spring.devtools.add-properties' to 'false' to disable
2019-08-06 18:15:48,743 INFO org.springframework.boot.logging.DeferredLog [restartedMain] For additional web related logging consider setting the 'logging.level.web' property to 'DEBUG'
2019-08-06 18:15:48,850 INFO org.springframework.context.annotation.ConfigurationClassParser [restartedMain] Properties location [file:${catalina.home}/conf/Projet7-WebApplication/application.properties] not resolvable: C:\apache-tomcat-8.5.34\conf\Projet7-WebApplication\application.properties (Le chemin d’accès spécifié est introuvable)
2019-08-06 18:15:50,782 INFO org.springframework.boot.web.embedded.tomcat.TomcatWebServer [restartedMain] Tomcat initialized with port(s): 8080 (http)
2019-08-06 18:15:50,810 INFO org.apache.juli.logging.DirectJDKLog [restartedMain] Initializing ProtocolHandler ["http-nio-8080"]
2019-08-06 18:15:50,829 INFO org.apache.juli.logging.DirectJDKLog [restartedMain] Starting service [Tomcat]
2019-08-06 18:15:50,830 INFO org.apache.juli.logging.DirectJDKLog [restartedMain] Starting Servlet engine: [Apache Tomcat/9.0.16]
2019-08-06 18:15:50,853 INFO org.apache.juli.logging.DirectJDKLog [restartedMain] The APR based Apache Tomcat Native library which allows optimal performance in production environments was not found on the java.library.path: [C:\Program Files\Java\jdk1.8.0_181\bin;C:\WINDOWS\Sun\Java\bin;C:\WINDOWS\system32;C:\WINDOWS;C:/Program Files/Java/jre1.8.0_201/bin/server;C:/Program Files/Java/jre1.8.0_201/bin;C:/Program Files/Java/jre1.8.0_201/lib/amd64;C:\Program Files (x86)\Common Files\Oracle\Java\javapath;C:\Program Files (x86)\Intel\iCLS Client\;C:\Program Files\Intel\iCLS Client\;C:\WINDOWS\system32;C:\WINDOWS;C:\WINDOWS\System32\Wbem;C:\WINDOWS\System32\WindowsPowerShell\v1.0\;C:\WINDOWS\System32\OpenSSH\;C:\Program Files (x86)\Intel\Intel(R) Management Engine Components\DAL;C:\Program Files\Intel\Intel(R) Management Engine Components\DAL;C:\Program Files (x86)\Intel\Intel(R) Management Engine Components\IPT;C:\Program Files\Intel\Intel(R) Management Engine Components\IPT;C:\Program Files (x86)\NVIDIA Corporation\PhysX\Common;C:\WINDOWS\system32;C:\WINDOWS;C:\WINDOWS\System32\Wbem;C:\WINDOWS\System32\WindowsPowerShell\v1.0\;C:\WINDOWS\System32\OpenSSH\;C:\Program Files\nodejs\;C:\Program Files\Git\cmd;C:\Users\Morgan\AppData\Local\Microsoft\WindowsApps;C:\Users\Morgan\AppData\Roaming\npm;C:\Users\Morgan\Desktop\Eclipse\eclipse;;.]
2019-08-06 18:15:50,963 INFO org.apache.juli.logging.DirectJDKLog [restartedMain] Initializing Spring embedded WebApplicationContext
2019-08-06 18:15:50,964 INFO org.springframework.boot.web.servlet.context.ServletWebServerApplicationContext [restartedMain] Root WebApplicationContext: initialization completed in 2221 ms
2019-08-06 18:15:51,289 INFO org.springframework.security.web.DefaultSecurityFilterChain [restartedMain] Creating filter chain: any request, [org.springframework.security.web.context.request.async.WebAsyncManagerIntegrationFilter@78d823ef, org.springframework.security.web.context.SecurityContextPersistenceFilter@4baadd6, org.springframework.security.web.header.HeaderWriterFilter@b9dd93f, org.springframework.security.web.csrf.CsrfFilter@39563b35, org.springframework.security.web.authentication.logout.LogoutFilter@108ca250, org.springframework.security.web.authentication.UsernamePasswordAuthenticationFilter@7e81fb35, org.springframework.security.web.savedrequest.RequestCacheAwareFilter@64072aca, org.springframework.security.web.servletapi.SecurityContextHolderAwareRequestFilter@4b6ff25f, org.springframework.security.web.authentication.AnonymousAuthenticationFilter@58cb7829, org.springframework.security.web.session.SessionManagementFilter@227f830, org.springframework.security.web.access.ExceptionTranslationFilter@efb87e0, org.springframework.security.web.access.intercept.FilterSecurityInterceptor@423cd2a0]
2019-08-06 18:15:51,417 INFO org.springframework.scheduling.concurrent.ExecutorConfigurationSupport [restartedMain] Initializing ExecutorService 'applicationTaskExecutor'
2019-08-06 18:15:51,795 INFO org.springframework.boot.autoconfigure.web.servlet.WelcomePageHandlerMapping [restartedMain] Adding welcome page template: index
2019-08-06 18:15:51,902 INFO org.springframework.boot.devtools.autoconfigure.OptionalLiveReloadServer [restartedMain] LiveReload server is running on port 35729
2019-08-06 18:15:51,934 INFO org.apache.juli.logging.DirectJDKLog [restartedMain] Starting ProtocolHandler ["http-nio-8080"]
2019-08-06 18:15:51,961 INFO org.springframework.boot.web.embedded.tomcat.TomcatWebServer [restartedMain] Tomcat started on port(s): 8080 (http) with context path ''
2019-08-06 18:15:51,966 INFO org.springframework.boot.StartupInfoLogger [restartedMain] Started Projet7WebApplication in 3.943 seconds (JVM running for 4.4)
2019-08-06 18:15:57,679 INFO org.apache.juli.logging.DirectJDKLog [http-nio-8080-exec-1] Initializing Spring DispatcherServlet 'dispatcherServlet'
2019-08-06 18:15:57,684 INFO org.springframework.web.servlet.FrameworkServlet [http-nio-8080-exec-1] Initializing Servlet 'dispatcherServlet'
2019-08-06 18:15:57,686 INFO org.springframework.web.servlet.FrameworkServlet [http-nio-8080-exec-1] Completed initialization in 2 ms
