2019-04-20 16:07:15,209 INFO org.springframework.boot.StartupInfoLogger [main] Starting Projet7WebServiceApplication on DESKTOP-GFBBSE4 with PID 7380 (started by picha in C:\Users\picha\Desktop\Projet 7\Projet7-WebService)
2019-04-20 16:07:15,212 DEBUG org.springframework.boot.StartupInfoLogger [main] Running with Spring Boot v2.1.3.RELEASE, Spring v5.1.5.RELEASE
2019-04-20 16:07:15,212 INFO org.springframework.boot.SpringApplication [main] No active profile set, falling back to default profiles: default
2019-04-20 16:07:15,746 INFO org.springframework.data.repository.config.RepositoryConfigurationDelegate [main] Bootstrapping Spring Data repositories in DEFAULT mode.
2019-04-20 16:07:15,825 INFO org.springframework.data.repository.config.RepositoryConfigurationDelegate [main] Finished Spring Data repository scanning in 73ms. Found 6 repository interfaces.
2019-04-20 16:07:16,111 INFO org.springframework.context.support.PostProcessorRegistrationDelegate$BeanPostProcessorChecker [main] Bean 'org.springframework.transaction.annotation.ProxyTransactionManagementConfiguration' of type [org.springframework.transaction.annotation.ProxyTransactionManagementConfiguration$$EnhancerBySpringCGLIB$$fcee5c45] is not eligible for getting processed by all BeanPostProcessors (for example: not eligible for auto-proxying)
2019-04-20 16:07:16,468 INFO org.springframework.boot.web.embedded.tomcat.TomcatWebServer [main] Tomcat initialized with port(s): 8085 (http)
2019-04-20 16:07:16,482 INFO org.apache.juli.logging.DirectJDKLog [main] Initializing ProtocolHandler ["http-nio-8085"]
2019-04-20 16:07:16,489 INFO org.apache.juli.logging.DirectJDKLog [main] Starting service [Tomcat]
2019-04-20 16:07:16,490 INFO org.apache.juli.logging.DirectJDKLog [main] Starting Servlet engine: [Apache Tomcat/9.0.16]
2019-04-20 16:07:16,497 INFO org.apache.juli.logging.DirectJDKLog [main] The APR based Apache Tomcat Native library which allows optimal performance in production environments was not found on the java.library.path: [C:\Program Files\Java\jdk1.8.0_181\bin;C:\Windows\Sun\Java\bin;C:\Windows\system32;C:\Windows;C:/Program Files/Java/jre1.8.0_201/bin/server;C:/Program Files/Java/jre1.8.0_201/bin;C:/Program Files/Java/jre1.8.0_201/lib/amd64;C:\Program Files (x86)\Common Files\Oracle\Java\javapath;C:\Program Files (x86)\Intel\Intel(R) Management Engine Components\iCLS\;C:\Program Files\Intel\Intel(R) Management Engine Components\iCLS\;C:\Windows\system32;C:\Windows;C:\Windows\System32\Wbem;C:\Windows\System32\WindowsPowerShell\v1.0\;C:\Windows\System32\OpenSSH\;C:\Program Files (x86)\NVIDIA Corporation\PhysX\Common;C:\Program Files (x86)\Intel\Intel(R) Management Engine Components\DAL;C:\Program Files\Intel\Intel(R) Management Engine Components\DAL;C:\Program Files (x86)\Intel\Intel(R) Management Engine Components\IPT;C:\Program Files\Intel\Intel(R) Management Engine Components\IPT;C:\Program Files\Intel\WiFi\bin\;C:\Program Files\Common Files\Intel\WirelessCommon\;C:\Program Files\Git\cmd;C:\Users\picha\AppData\Local\Microsoft\WindowsApps;;C:\Users\picha\Desktop;;.]
2019-04-20 16:07:16,606 INFO org.apache.juli.logging.DirectJDKLog [main] Initializing Spring embedded WebApplicationContext
2019-04-20 16:07:16,606 INFO org.springframework.boot.web.servlet.context.ServletWebServerApplicationContext [main] Root WebApplicationContext: initialization completed in 1358 ms
2019-04-20 16:07:16,732 INFO com.zaxxer.hikari.HikariDataSource [main] HikariPool-1 - Starting...
2019-04-20 16:07:16,848 INFO com.zaxxer.hikari.HikariDataSource [main] HikariPool-1 - Start completed.
2019-04-20 16:07:16,896 INFO org.hibernate.jpa.internal.util.LogHelper [main] HHH000204: Processing PersistenceUnitInfo [
	name: default
	...]
2019-04-20 16:07:16,979 INFO org.hibernate.Version [main] HHH000412: Hibernate Core {5.3.7.Final}
2019-04-20 16:07:16,982 INFO org.hibernate.cfg.Environment [main] HHH000206: hibernate.properties not found
2019-04-20 16:07:17,166 INFO org.hibernate.annotations.common.reflection.java.JavaReflectionManager [main] HCANN000001: Hibernate Commons Annotations {5.0.4.Final}
2019-04-20 16:07:17,305 INFO org.hibernate.dialect.Dialect [main] HHH000400: Using dialect: org.hibernate.dialect.PostgreSQLDialect
2019-04-20 16:07:17,320 INFO org.hibernate.engine.jdbc.env.internal.LobCreatorBuilderImpl [main] HHH000422: Disabling contextual LOB creation as connection was null
2019-04-20 16:07:17,326 INFO org.hibernate.type.BasicTypeRegistry [main] HHH000270: Type registration [java.util.UUID] overrides previous : org.hibernate.type.UUIDBinaryType@15d42ccb
2019-04-20 16:07:18,236 INFO org.springframework.orm.jpa.AbstractEntityManagerFactoryBean [main] Initialized JPA EntityManagerFactory for persistence unit 'default'
2019-04-20 16:07:18,532 INFO org.hibernate.hql.internal.QueryTranslatorFactoryInitiator [main] HHH000397: Using ASTQueryTranslatorFactory
2019-04-20 16:07:19,699 INFO org.springframework.scheduling.concurrent.ExecutorConfigurationSupport [main] Initializing ExecutorService 'applicationTaskExecutor'
2019-04-20 16:07:19,762 WARN org.springframework.boot.autoconfigure.orm.jpa.JpaBaseConfiguration$JpaWebConfiguration$JpaWebMvcConfiguration [main] spring.jpa.open-in-view is enabled by default. Therefore, database queries may be performed during view rendering. Explicitly configure spring.jpa.open-in-view to disable this warning
2019-04-20 16:07:19,989 INFO org.springframework.boot.autoconfigure.security.servlet.UserDetailsServiceAutoConfiguration [main] 

Using generated security password: c594ea2a-91a1-414f-88eb-b2e301cfbb26

2019-04-20 16:07:20,134 INFO org.springframework.security.web.DefaultSecurityFilterChain [main] Creating filter chain: any request, [org.springframework.security.web.context.request.async.WebAsyncManagerIntegrationFilter@61c5fd78, org.springframework.security.web.context.SecurityContextPersistenceFilter@5ae66c98, org.springframework.security.web.header.HeaderWriterFilter@6533629, org.springframework.security.web.csrf.CsrfFilter@32f308c6, org.springframework.security.web.authentication.logout.LogoutFilter@6697f3d, org.springframework.security.web.authentication.UsernamePasswordAuthenticationFilter@30c8c6ab, org.springframework.security.web.authentication.ui.DefaultLoginPageGeneratingFilter@51813065, org.springframework.security.web.authentication.ui.DefaultLogoutPageGeneratingFilter@42503099, org.springframework.security.web.authentication.www.BasicAuthenticationFilter@59f76e56, org.springframework.security.web.savedrequest.RequestCacheAwareFilter@391d28ea, org.springframework.security.web.servletapi.SecurityContextHolderAwareRequestFilter@cf9bd1e, org.springframework.security.web.authentication.AnonymousAuthenticationFilter@39dda56f, org.springframework.security.web.session.SessionManagementFilter@1b444b5, org.springframework.security.web.access.ExceptionTranslationFilter@36871e98, org.springframework.security.web.access.intercept.FilterSecurityInterceptor@521a506c]
2019-04-20 16:07:20,209 INFO org.apache.juli.logging.DirectJDKLog [main] Starting ProtocolHandler ["http-nio-8085"]
2019-04-20 16:07:20,232 INFO org.springframework.boot.web.embedded.tomcat.TomcatWebServer [main] Tomcat started on port(s): 8085 (http) with context path ''
2019-04-20 16:07:20,235 INFO org.springframework.boot.StartupInfoLogger [main] Started Projet7WebServiceApplication in 5.304 seconds (JVM running for 5.559)
2019-04-20 16:07:43,054 ERROR com.bibliotheque.metier.MailBusinessImpl [pool-1-thread-1] Mail email incorrect : mail.email.blank
2019-04-20 16:09:01,034 ERROR com.bibliotheque.metier.MailBusinessImpl [pool-1-thread-2] Mail email incorrect : mail.email.blank
2019-04-20 16:09:11,335 INFO org.springframework.boot.StartupInfoLogger [main] Starting Projet7WebServiceApplication on DESKTOP-GFBBSE4 with PID 14764 (started by picha in C:\Users\picha\Desktop\Projet 7\Projet7-WebService)
2019-04-20 16:09:11,337 DEBUG org.springframework.boot.StartupInfoLogger [main] Running with Spring Boot v2.1.3.RELEASE, Spring v5.1.5.RELEASE
2019-04-20 16:09:11,337 INFO org.springframework.boot.SpringApplication [main] No active profile set, falling back to default profiles: default
2019-04-20 16:09:11,830 INFO org.springframework.data.repository.config.RepositoryConfigurationDelegate [main] Bootstrapping Spring Data repositories in DEFAULT mode.
2019-04-20 16:09:11,910 INFO org.springframework.data.repository.config.RepositoryConfigurationDelegate [main] Finished Spring Data repository scanning in 74ms. Found 6 repository interfaces.
2019-04-20 16:09:12,228 INFO org.springframework.context.support.PostProcessorRegistrationDelegate$BeanPostProcessorChecker [main] Bean 'org.springframework.transaction.annotation.ProxyTransactionManagementConfiguration' of type [org.springframework.transaction.annotation.ProxyTransactionManagementConfiguration$$EnhancerBySpringCGLIB$$acf1d187] is not eligible for getting processed by all BeanPostProcessors (for example: not eligible for auto-proxying)
2019-04-20 16:09:12,544 INFO org.springframework.boot.web.embedded.tomcat.TomcatWebServer [main] Tomcat initialized with port(s): 8085 (http)
2019-04-20 16:09:12,555 INFO org.apache.juli.logging.DirectJDKLog [main] Initializing ProtocolHandler ["http-nio-8085"]
2019-04-20 16:09:12,565 INFO org.apache.juli.logging.DirectJDKLog [main] Starting service [Tomcat]
2019-04-20 16:09:12,566 INFO org.apache.juli.logging.DirectJDKLog [main] Starting Servlet engine: [Apache Tomcat/9.0.16]
2019-04-20 16:09:12,571 INFO org.apache.juli.logging.DirectJDKLog [main] The APR based Apache Tomcat Native library which allows optimal performance in production environments was not found on the java.library.path: [C:\Program Files\Java\jdk1.8.0_181\bin;C:\Windows\Sun\Java\bin;C:\Windows\system32;C:\Windows;C:/Program Files/Java/jre1.8.0_201/bin/server;C:/Program Files/Java/jre1.8.0_201/bin;C:/Program Files/Java/jre1.8.0_201/lib/amd64;C:\Program Files (x86)\Common Files\Oracle\Java\javapath;C:\Program Files (x86)\Intel\Intel(R) Management Engine Components\iCLS\;C:\Program Files\Intel\Intel(R) Management Engine Components\iCLS\;C:\Windows\system32;C:\Windows;C:\Windows\System32\Wbem;C:\Windows\System32\WindowsPowerShell\v1.0\;C:\Windows\System32\OpenSSH\;C:\Program Files (x86)\NVIDIA Corporation\PhysX\Common;C:\Program Files (x86)\Intel\Intel(R) Management Engine Components\DAL;C:\Program Files\Intel\Intel(R) Management Engine Components\DAL;C:\Program Files (x86)\Intel\Intel(R) Management Engine Components\IPT;C:\Program Files\Intel\Intel(R) Management Engine Components\IPT;C:\Program Files\Intel\WiFi\bin\;C:\Program Files\Common Files\Intel\WirelessCommon\;C:\Program Files\Git\cmd;C:\Users\picha\AppData\Local\Microsoft\WindowsApps;;C:\Users\picha\Desktop;;.]
2019-04-20 16:09:12,683 INFO org.apache.juli.logging.DirectJDKLog [main] Initializing Spring embedded WebApplicationContext
2019-04-20 16:09:12,684 INFO org.springframework.boot.web.servlet.context.ServletWebServerApplicationContext [main] Root WebApplicationContext: initialization completed in 1316 ms
2019-04-20 16:09:12,808 INFO com.zaxxer.hikari.HikariDataSource [main] HikariPool-1 - Starting...
2019-04-20 16:09:12,895 INFO com.zaxxer.hikari.HikariDataSource [main] HikariPool-1 - Start completed.
2019-04-20 16:09:12,947 INFO org.hibernate.jpa.internal.util.LogHelper [main] HHH000204: Processing PersistenceUnitInfo [
	name: default
	...]
2019-04-20 16:09:12,992 INFO org.hibernate.Version [main] HHH000412: Hibernate Core {5.3.7.Final}
2019-04-20 16:09:12,993 INFO org.hibernate.cfg.Environment [main] HHH000206: hibernate.properties not found
2019-04-20 16:09:13,102 INFO org.hibernate.annotations.common.reflection.java.JavaReflectionManager [main] HCANN000001: Hibernate Commons Annotations {5.0.4.Final}
2019-04-20 16:09:13,206 INFO org.hibernate.dialect.Dialect [main] HHH000400: Using dialect: org.hibernate.dialect.PostgreSQLDialect
2019-04-20 16:09:13,218 INFO org.hibernate.engine.jdbc.env.internal.LobCreatorBuilderImpl [main] HHH000422: Disabling contextual LOB creation as connection was null
2019-04-20 16:09:13,221 INFO org.hibernate.type.BasicTypeRegistry [main] HHH000270: Type registration [java.util.UUID] overrides previous : org.hibernate.type.UUIDBinaryType@17092fff
2019-04-20 16:09:13,735 INFO org.springframework.orm.jpa.AbstractEntityManagerFactoryBean [main] Initialized JPA EntityManagerFactory for persistence unit 'default'
2019-04-20 16:09:13,957 INFO org.hibernate.hql.internal.QueryTranslatorFactoryInitiator [main] HHH000397: Using ASTQueryTranslatorFactory
2019-04-20 16:09:14,625 INFO org.springframework.scheduling.concurrent.ExecutorConfigurationSupport [main] Initializing ExecutorService 'applicationTaskExecutor'
2019-04-20 16:09:14,659 WARN org.springframework.boot.autoconfigure.orm.jpa.JpaBaseConfiguration$JpaWebConfiguration$JpaWebMvcConfiguration [main] spring.jpa.open-in-view is enabled by default. Therefore, database queries may be performed during view rendering. Explicitly configure spring.jpa.open-in-view to disable this warning
2019-04-20 16:09:14,819 INFO org.springframework.boot.autoconfigure.security.servlet.UserDetailsServiceAutoConfiguration [main] 

Using generated security password: 07e48a4a-cd2f-406e-b486-8cbf17112e8b

2019-04-20 16:09:14,894 INFO org.springframework.security.web.DefaultSecurityFilterChain [main] Creating filter chain: any request, [org.springframework.security.web.context.request.async.WebAsyncManagerIntegrationFilter@495da9a7, org.springframework.security.web.context.SecurityContextPersistenceFilter@37f71c05, org.springframework.security.web.header.HeaderWriterFilter@7d18338b, org.springframework.security.web.csrf.CsrfFilter@45fb2354, org.springframework.security.web.authentication.logout.LogoutFilter@1fbd5e0, org.springframework.security.web.authentication.UsernamePasswordAuthenticationFilter@4ec0229c, org.springframework.security.web.authentication.ui.DefaultLoginPageGeneratingFilter@2ee456c7, org.springframework.security.web.authentication.ui.DefaultLogoutPageGeneratingFilter@2beee3e8, org.springframework.security.web.authentication.www.BasicAuthenticationFilter@6fc0e448, org.springframework.security.web.savedrequest.RequestCacheAwareFilter@2dd8a273, org.springframework.security.web.servletapi.SecurityContextHolderAwareRequestFilter@39dda56f, org.springframework.security.web.authentication.AnonymousAuthenticationFilter@732d078d, org.springframework.security.web.session.SessionManagementFilter@30c8c6ab, org.springframework.security.web.access.ExceptionTranslationFilter@4e2824b1, org.springframework.security.web.access.intercept.FilterSecurityInterceptor@79b8ecb]
2019-04-20 16:09:14,941 INFO org.apache.juli.logging.DirectJDKLog [main] Starting ProtocolHandler ["http-nio-8085"]
2019-04-20 16:09:14,953 INFO org.springframework.boot.web.embedded.tomcat.TomcatWebServer [main] Tomcat started on port(s): 8085 (http) with context path ''
2019-04-20 16:09:14,955 INFO org.springframework.boot.StartupInfoLogger [main] Started Projet7WebServiceApplication in 3.883 seconds (JVM running for 4.144)
2019-04-20 16:09:21,372 ERROR com.bibliotheque.metier.MailBusinessImpl [pool-1-thread-1] Mail email incorrect : mail.email.blank
2019-04-20 16:14:08,386 INFO org.springframework.boot.StartupInfoLogger [main] Starting Projet7WebServiceApplicationTests on DESKTOP-GFBBSE4 with PID 17312 (started by picha in C:\Users\picha\Desktop\Projet 7\Projet7-WebService)
2019-04-20 16:14:08,386 DEBUG org.springframework.boot.StartupInfoLogger [main] Running with Spring Boot v2.1.3.RELEASE, Spring v5.1.5.RELEASE
2019-04-20 16:14:08,387 INFO org.springframework.boot.SpringApplication [main] No active profile set, falling back to default profiles: default
2019-04-20 16:14:08,481 INFO org.springframework.context.annotation.ConfigurationClassParser [main] Properties location [file:${catalina.home}/conf/Projet7-WebService/bibliotheque.properties] not resolvable: C:\apache-tomcat-8.5.33\conf\Projet7-WebService\bibliotheque.properties (Le chemin d’accès spécifié est introuvable)
2019-04-20 16:14:08,481 INFO org.springframework.context.annotation.ConfigurationClassParser [main] Properties location [file:${catalina.home}/conf/Projet7-WebService/application.properties] not resolvable: C:\apache-tomcat-8.5.33\conf\Projet7-WebService\application.properties (Le chemin d’accès spécifié est introuvable)
2019-04-20 16:14:08,482 INFO org.springframework.context.annotation.ConfigurationClassParser [main] Properties location [file:${catalina.home}/conf/Projet7-WebService/logback-spring.xml] not resolvable: C:\apache-tomcat-8.5.33\conf\Projet7-WebService\logback-spring.xml (Le chemin d’accès spécifié est introuvable)
2019-04-20 16:14:08,857 INFO org.springframework.data.repository.config.RepositoryConfigurationDelegate [main] Bootstrapping Spring Data repositories in DEFAULT mode.
2019-04-20 16:14:08,959 INFO org.springframework.data.repository.config.RepositoryConfigurationDelegate [main] Finished Spring Data repository scanning in 94ms. Found 6 repository interfaces.
2019-04-20 16:14:09,271 INFO org.springframework.context.support.PostProcessorRegistrationDelegate$BeanPostProcessorChecker [main] Bean 'org.springframework.transaction.annotation.ProxyTransactionManagementConfiguration' of type [org.springframework.transaction.annotation.ProxyTransactionManagementConfiguration$$EnhancerBySpringCGLIB$$215e2395] is not eligible for getting processed by all BeanPostProcessors (for example: not eligible for auto-proxying)
2019-04-20 16:14:09,426 INFO com.zaxxer.hikari.HikariDataSource [main] HikariPool-1 - Starting...
2019-04-20 16:14:09,530 INFO com.zaxxer.hikari.HikariDataSource [main] HikariPool-1 - Start completed.
2019-04-20 16:14:09,576 INFO org.hibernate.jpa.internal.util.LogHelper [main] HHH000204: Processing PersistenceUnitInfo [
	name: default
	...]
2019-04-20 16:14:09,622 INFO org.hibernate.Version [main] HHH000412: Hibernate Core {5.3.7.Final}
2019-04-20 16:14:09,623 INFO org.hibernate.cfg.Environment [main] HHH000206: hibernate.properties not found
2019-04-20 16:14:09,728 INFO org.hibernate.annotations.common.reflection.java.JavaReflectionManager [main] HCANN000001: Hibernate Commons Annotations {5.0.4.Final}
2019-04-20 16:14:09,927 INFO org.hibernate.dialect.Dialect [main] HHH000400: Using dialect: org.hibernate.dialect.PostgreSQLDialect
2019-04-20 16:14:09,940 INFO org.hibernate.engine.jdbc.env.internal.LobCreatorBuilderImpl [main] HHH000422: Disabling contextual LOB creation as connection was null
2019-04-20 16:14:09,944 INFO org.hibernate.type.BasicTypeRegistry [main] HHH000270: Type registration [java.util.UUID] overrides previous : org.hibernate.type.UUIDBinaryType@6c1cfa53
2019-04-20 16:14:10,494 INFO org.springframework.orm.jpa.AbstractEntityManagerFactoryBean [main] Initialized JPA EntityManagerFactory for persistence unit 'default'
2019-04-20 16:14:10,723 INFO org.hibernate.hql.internal.QueryTranslatorFactoryInitiator [main] HHH000397: Using ASTQueryTranslatorFactory
2019-04-20 16:14:11,657 INFO org.springframework.scheduling.concurrent.ExecutorConfigurationSupport [main] Initializing ExecutorService 'applicationTaskExecutor'
2019-04-20 16:14:11,698 WARN org.springframework.boot.autoconfigure.orm.jpa.JpaBaseConfiguration$JpaWebConfiguration$JpaWebMvcConfiguration [main] spring.jpa.open-in-view is enabled by default. Therefore, database queries may be performed during view rendering. Explicitly configure spring.jpa.open-in-view to disable this warning
2019-04-20 16:14:11,996 INFO org.springframework.boot.autoconfigure.security.servlet.UserDetailsServiceAutoConfiguration [main] 

Using generated security password: a6c438c1-855a-443d-8b2a-4f79a4ed5b0f

2019-04-20 16:14:12,135 INFO org.springframework.security.web.DefaultSecurityFilterChain [main] Creating filter chain: any request, [org.springframework.security.web.context.request.async.WebAsyncManagerIntegrationFilter@563ada5, org.springframework.security.web.context.SecurityContextPersistenceFilter@416c8bb5, org.springframework.security.web.header.HeaderWriterFilter@72a33316, org.springframework.security.web.csrf.CsrfFilter@65e05005, org.springframework.security.web.authentication.logout.LogoutFilter@552bee2f, org.springframework.security.web.authentication.UsernamePasswordAuthenticationFilter@6f52a229, org.springframework.security.web.authentication.ui.DefaultLoginPageGeneratingFilter@350342e0, org.springframework.security.web.authentication.ui.DefaultLogoutPageGeneratingFilter@12548f9a, org.springframework.security.web.authentication.www.BasicAuthenticationFilter@46d148bd, org.springframework.security.web.savedrequest.RequestCacheAwareFilter@e994ca, org.springframework.security.web.servletapi.SecurityContextHolderAwareRequestFilter@2619cb76, org.springframework.security.web.authentication.AnonymousAuthenticationFilter@156ff70f, org.springframework.security.web.session.SessionManagementFilter@77204651, org.springframework.security.web.access.ExceptionTranslationFilter@92fd091, org.springframework.security.web.access.intercept.FilterSecurityInterceptor@2b8cf049]
2019-04-20 16:14:12,214 INFO org.springframework.boot.StartupInfoLogger [main] Started Projet7WebServiceApplicationTests in 4.028 seconds (JVM running for 4.555)
2019-04-20 16:14:12,282 INFO org.springframework.scheduling.concurrent.ExecutorConfigurationSupport [Thread-5] Shutting down ExecutorService 'applicationTaskExecutor'
2019-04-20 16:14:12,286 INFO org.springframework.orm.jpa.AbstractEntityManagerFactoryBean [Thread-5] Closing JPA EntityManagerFactory for persistence unit 'default'
2019-04-20 16:14:12,287 INFO com.zaxxer.hikari.HikariDataSource [Thread-5] HikariPool-1 - Shutdown initiated...
2019-04-20 16:14:12,292 INFO com.zaxxer.hikari.HikariDataSource [Thread-5] HikariPool-1 - Shutdown completed.
2019-04-20 16:30:32,910 INFO org.springframework.boot.StartupInfoLogger [main] Starting Projet7WebServiceApplication on DESKTOP-GFBBSE4 with PID 11572 (started by picha in C:\Users\picha\Desktop\Projet 7\Projet7-WebService)
2019-04-20 16:30:32,911 DEBUG org.springframework.boot.StartupInfoLogger [main] Running with Spring Boot v2.1.3.RELEASE, Spring v5.1.5.RELEASE
2019-04-20 16:30:32,912 INFO org.springframework.boot.SpringApplication [main] No active profile set, falling back to default profiles: default
2019-04-20 16:30:33,378 INFO org.springframework.data.repository.config.RepositoryConfigurationDelegate [main] Bootstrapping Spring Data repositories in DEFAULT mode.
2019-04-20 16:30:33,449 INFO org.springframework.data.repository.config.RepositoryConfigurationDelegate [main] Finished Spring Data repository scanning in 64ms. Found 6 repository interfaces.
2019-04-20 16:30:33,742 INFO org.springframework.context.support.PostProcessorRegistrationDelegate$BeanPostProcessorChecker [main] Bean 'org.springframework.transaction.annotation.ProxyTransactionManagementConfiguration' of type [org.springframework.transaction.annotation.ProxyTransactionManagementConfiguration$$EnhancerBySpringCGLIB$$5aaf1df8] is not eligible for getting processed by all BeanPostProcessors (for example: not eligible for auto-proxying)
2019-04-20 16:30:34,057 INFO org.springframework.boot.web.embedded.tomcat.TomcatWebServer [main] Tomcat initialized with port(s): 8085 (http)
2019-04-20 16:30:34,068 INFO org.apache.juli.logging.DirectJDKLog [main] Initializing ProtocolHandler ["http-nio-8085"]
2019-04-20 16:30:34,077 INFO org.apache.juli.logging.DirectJDKLog [main] Starting service [Tomcat]
2019-04-20 16:30:34,077 INFO org.apache.juli.logging.DirectJDKLog [main] Starting Servlet engine: [Apache Tomcat/9.0.16]
2019-04-20 16:30:34,083 INFO org.apache.juli.logging.DirectJDKLog [main] The APR based Apache Tomcat Native library which allows optimal performance in production environments was not found on the java.library.path: [C:\Program Files\Java\jdk1.8.0_181\bin;C:\Windows\Sun\Java\bin;C:\Windows\system32;C:\Windows;C:/Program Files/Java/jre1.8.0_201/bin/server;C:/Program Files/Java/jre1.8.0_201/bin;C:/Program Files/Java/jre1.8.0_201/lib/amd64;C:\Program Files (x86)\Common Files\Oracle\Java\javapath;C:\Program Files (x86)\Intel\Intel(R) Management Engine Components\iCLS\;C:\Program Files\Intel\Intel(R) Management Engine Components\iCLS\;C:\Windows\system32;C:\Windows;C:\Windows\System32\Wbem;C:\Windows\System32\WindowsPowerShell\v1.0\;C:\Windows\System32\OpenSSH\;C:\Program Files (x86)\NVIDIA Corporation\PhysX\Common;C:\Program Files (x86)\Intel\Intel(R) Management Engine Components\DAL;C:\Program Files\Intel\Intel(R) Management Engine Components\DAL;C:\Program Files (x86)\Intel\Intel(R) Management Engine Components\IPT;C:\Program Files\Intel\Intel(R) Management Engine Components\IPT;C:\Program Files\Intel\WiFi\bin\;C:\Program Files\Common Files\Intel\WirelessCommon\;C:\Program Files\Git\cmd;C:\Users\picha\AppData\Local\Microsoft\WindowsApps;;C:\Users\picha\Desktop;;.]
2019-04-20 16:30:34,182 INFO org.apache.juli.logging.DirectJDKLog [main] Initializing Spring embedded WebApplicationContext
2019-04-20 16:30:34,183 INFO org.springframework.boot.web.servlet.context.ServletWebServerApplicationContext [main] Root WebApplicationContext: initialization completed in 1242 ms
2019-04-20 16:30:34,324 INFO com.zaxxer.hikari.HikariDataSource [main] HikariPool-1 - Starting...
2019-04-20 16:30:34,407 INFO com.zaxxer.hikari.HikariDataSource [main] HikariPool-1 - Start completed.
2019-04-20 16:30:34,456 INFO org.hibernate.jpa.internal.util.LogHelper [main] HHH000204: Processing PersistenceUnitInfo [
	name: default
	...]
2019-04-20 16:30:34,508 INFO org.hibernate.Version [main] HHH000412: Hibernate Core {5.3.7.Final}
2019-04-20 16:30:34,509 INFO org.hibernate.cfg.Environment [main] HHH000206: hibernate.properties not found
2019-04-20 16:30:34,653 INFO org.hibernate.annotations.common.reflection.java.JavaReflectionManager [main] HCANN000001: Hibernate Commons Annotations {5.0.4.Final}
2019-04-20 16:30:34,796 INFO org.hibernate.dialect.Dialect [main] HHH000400: Using dialect: org.hibernate.dialect.PostgreSQLDialect
2019-04-20 16:30:34,813 INFO org.hibernate.engine.jdbc.env.internal.LobCreatorBuilderImpl [main] HHH000422: Disabling contextual LOB creation as connection was null
2019-04-20 16:30:34,818 INFO org.hibernate.type.BasicTypeRegistry [main] HHH000270: Type registration [java.util.UUID] overrides previous : org.hibernate.type.UUIDBinaryType@1455154c
2019-04-20 16:30:35,567 INFO org.springframework.orm.jpa.AbstractEntityManagerFactoryBean [main] Initialized JPA EntityManagerFactory for persistence unit 'default'
2019-04-20 16:30:35,981 INFO org.hibernate.hql.internal.QueryTranslatorFactoryInitiator [main] HHH000397: Using ASTQueryTranslatorFactory
2019-04-20 16:30:37,001 INFO org.springframework.scheduling.concurrent.ExecutorConfigurationSupport [main] Initializing ExecutorService 'applicationTaskExecutor'
2019-04-20 16:30:37,061 WARN org.springframework.boot.autoconfigure.orm.jpa.JpaBaseConfiguration$JpaWebConfiguration$JpaWebMvcConfiguration [main] spring.jpa.open-in-view is enabled by default. Therefore, database queries may be performed during view rendering. Explicitly configure spring.jpa.open-in-view to disable this warning
2019-04-20 16:30:37,281 INFO org.springframework.boot.autoconfigure.security.servlet.UserDetailsServiceAutoConfiguration [main] 

Using generated security password: ce7b5c15-d6c3-4c9a-a175-8110f3e7603d

2019-04-20 16:30:37,380 INFO org.springframework.security.web.DefaultSecurityFilterChain [main] Creating filter chain: any request, [org.springframework.security.web.context.request.async.WebAsyncManagerIntegrationFilter@3ec082a1, org.springframework.security.web.context.SecurityContextPersistenceFilter@24fef542, org.springframework.security.web.header.HeaderWriterFilter@6a278584, org.springframework.security.web.csrf.CsrfFilter@4ab455e2, org.springframework.security.web.authentication.logout.LogoutFilter@6921cfa, org.springframework.security.web.authentication.UsernamePasswordAuthenticationFilter@208e5b23, org.springframework.security.web.authentication.ui.DefaultLoginPageGeneratingFilter@68821f6, org.springframework.security.web.authentication.ui.DefaultLogoutPageGeneratingFilter@7a3c99f1, org.springframework.security.web.authentication.www.BasicAuthenticationFilter@a55e82a, org.springframework.security.web.savedrequest.RequestCacheAwareFilter@e36bc01, org.springframework.security.web.servletapi.SecurityContextHolderAwareRequestFilter@4b360972, org.springframework.security.web.authentication.AnonymousAuthenticationFilter@16b7e04a, org.springframework.security.web.session.SessionManagementFilter@4f20b022, org.springframework.security.web.access.ExceptionTranslationFilter@f1d1463, org.springframework.security.web.access.intercept.FilterSecurityInterceptor@1fbd5e0]
2019-04-20 16:30:37,482 INFO org.apache.juli.logging.DirectJDKLog [main] Starting ProtocolHandler ["http-nio-8085"]
2019-04-20 16:30:37,502 INFO org.springframework.boot.web.embedded.tomcat.TomcatWebServer [main] Tomcat started on port(s): 8085 (http) with context path ''
2019-04-20 16:30:37,507 INFO org.springframework.boot.StartupInfoLogger [main] Started Projet7WebServiceApplication in 4.918 seconds (JVM running for 5.166)
2019-04-20 16:31:08,194 ERROR com.bibliotheque.metier.MailBusinessImpl [pool-1-thread-1] Mail email incorrect : mail.email.blank
2019-04-20 16:32:03,271 INFO org.springframework.boot.StartupInfoLogger [main] Starting Projet7WebServiceApplication on DESKTOP-GFBBSE4 with PID 8196 (started by picha in C:\Users\picha\Desktop\Projet 7\Projet7-WebService)
2019-04-20 16:32:03,272 DEBUG org.springframework.boot.StartupInfoLogger [main] Running with Spring Boot v2.1.3.RELEASE, Spring v5.1.5.RELEASE
2019-04-20 16:32:03,273 INFO org.springframework.boot.SpringApplication [main] No active profile set, falling back to default profiles: default
2019-04-20 16:32:03,746 INFO org.springframework.data.repository.config.RepositoryConfigurationDelegate [main] Bootstrapping Spring Data repositories in DEFAULT mode.
2019-04-20 16:32:03,817 INFO org.springframework.data.repository.config.RepositoryConfigurationDelegate [main] Finished Spring Data repository scanning in 65ms. Found 6 repository interfaces.
2019-04-20 16:32:04,100 INFO org.springframework.context.support.PostProcessorRegistrationDelegate$BeanPostProcessorChecker [main] Bean 'org.springframework.transaction.annotation.ProxyTransactionManagementConfiguration' of type [org.springframework.transaction.annotation.ProxyTransactionManagementConfiguration$$EnhancerBySpringCGLIB$$dae07c6c] is not eligible for getting processed by all BeanPostProcessors (for example: not eligible for auto-proxying)
2019-04-20 16:32:04,403 INFO org.springframework.boot.web.embedded.tomcat.TomcatWebServer [main] Tomcat initialized with port(s): 8085 (http)
2019-04-20 16:32:04,414 INFO org.apache.juli.logging.DirectJDKLog [main] Initializing ProtocolHandler ["http-nio-8085"]
2019-04-20 16:32:04,421 INFO org.apache.juli.logging.DirectJDKLog [main] Starting service [Tomcat]
2019-04-20 16:32:04,421 INFO org.apache.juli.logging.DirectJDKLog [main] Starting Servlet engine: [Apache Tomcat/9.0.16]
2019-04-20 16:32:04,428 INFO org.apache.juli.logging.DirectJDKLog [main] The APR based Apache Tomcat Native library which allows optimal performance in production environments was not found on the java.library.path: [C:\Program Files\Java\jdk1.8.0_181\bin;C:\Windows\Sun\Java\bin;C:\Windows\system32;C:\Windows;C:/Program Files/Java/jre1.8.0_201/bin/server;C:/Program Files/Java/jre1.8.0_201/bin;C:/Program Files/Java/jre1.8.0_201/lib/amd64;C:\Program Files (x86)\Common Files\Oracle\Java\javapath;C:\Program Files (x86)\Intel\Intel(R) Management Engine Components\iCLS\;C:\Program Files\Intel\Intel(R) Management Engine Components\iCLS\;C:\Windows\system32;C:\Windows;C:\Windows\System32\Wbem;C:\Windows\System32\WindowsPowerShell\v1.0\;C:\Windows\System32\OpenSSH\;C:\Program Files (x86)\NVIDIA Corporation\PhysX\Common;C:\Program Files (x86)\Intel\Intel(R) Management Engine Components\DAL;C:\Program Files\Intel\Intel(R) Management Engine Components\DAL;C:\Program Files (x86)\Intel\Intel(R) Management Engine Components\IPT;C:\Program Files\Intel\Intel(R) Management Engine Components\IPT;C:\Program Files\Intel\WiFi\bin\;C:\Program Files\Common Files\Intel\WirelessCommon\;C:\Program Files\Git\cmd;C:\Users\picha\AppData\Local\Microsoft\WindowsApps;;C:\Users\picha\Desktop;;.]
2019-04-20 16:32:04,531 INFO org.apache.juli.logging.DirectJDKLog [main] Initializing Spring embedded WebApplicationContext
2019-04-20 16:32:04,532 INFO org.springframework.boot.web.servlet.context.ServletWebServerApplicationContext [main] Root WebApplicationContext: initialization completed in 1228 ms
2019-04-20 16:32:04,669 INFO com.zaxxer.hikari.HikariDataSource [main] HikariPool-1 - Starting...
2019-04-20 16:32:04,751 INFO com.zaxxer.hikari.HikariDataSource [main] HikariPool-1 - Start completed.
2019-04-20 16:32:04,788 INFO org.hibernate.jpa.internal.util.LogHelper [main] HHH000204: Processing PersistenceUnitInfo [
	name: default
	...]
2019-04-20 16:32:04,831 INFO org.hibernate.Version [main] HHH000412: Hibernate Core {5.3.7.Final}
2019-04-20 16:32:04,832 INFO org.hibernate.cfg.Environment [main] HHH000206: hibernate.properties not found
2019-04-20 16:32:04,930 INFO org.hibernate.annotations.common.reflection.java.JavaReflectionManager [main] HCANN000001: Hibernate Commons Annotations {5.0.4.Final}
2019-04-20 16:32:05,030 INFO org.hibernate.dialect.Dialect [main] HHH000400: Using dialect: org.hibernate.dialect.PostgreSQLDialect
2019-04-20 16:32:05,042 INFO org.hibernate.engine.jdbc.env.internal.LobCreatorBuilderImpl [main] HHH000422: Disabling contextual LOB creation as connection was null
2019-04-20 16:32:05,045 INFO org.hibernate.type.BasicTypeRegistry [main] HHH000270: Type registration [java.util.UUID] overrides previous : org.hibernate.type.UUIDBinaryType@521bb1a4
2019-04-20 16:32:05,562 INFO org.springframework.orm.jpa.AbstractEntityManagerFactoryBean [main] Initialized JPA EntityManagerFactory for persistence unit 'default'
2019-04-20 16:32:05,803 INFO org.hibernate.hql.internal.QueryTranslatorFactoryInitiator [main] HHH000397: Using ASTQueryTranslatorFactory
2019-04-20 16:32:06,462 INFO org.springframework.scheduling.concurrent.ExecutorConfigurationSupport [main] Initializing ExecutorService 'applicationTaskExecutor'
2019-04-20 16:32:06,497 WARN org.springframework.boot.autoconfigure.orm.jpa.JpaBaseConfiguration$JpaWebConfiguration$JpaWebMvcConfiguration [main] spring.jpa.open-in-view is enabled by default. Therefore, database queries may be performed during view rendering. Explicitly configure spring.jpa.open-in-view to disable this warning
2019-04-20 16:32:06,664 INFO org.springframework.boot.autoconfigure.security.servlet.UserDetailsServiceAutoConfiguration [main] 

Using generated security password: 1a49cd3b-3d68-4fd7-b4ac-e332b342c672

2019-04-20 16:32:06,742 INFO org.springframework.security.web.DefaultSecurityFilterChain [main] Creating filter chain: any request, [org.springframework.security.web.context.request.async.WebAsyncManagerIntegrationFilter@60a4e619, org.springframework.security.web.context.SecurityContextPersistenceFilter@67a6a2d0, org.springframework.security.web.header.HeaderWriterFilter@6654ca0d, org.springframework.security.web.csrf.CsrfFilter@cf9bd1e, org.springframework.security.web.authentication.logout.LogoutFilter@b8b2184, org.springframework.security.web.authentication.UsernamePasswordAuthenticationFilter@1a01ffff, org.springframework.security.web.authentication.ui.DefaultLoginPageGeneratingFilter@6e090aaa, org.springframework.security.web.authentication.ui.DefaultLogoutPageGeneratingFilter@2bb3f39e, org.springframework.security.web.authentication.www.BasicAuthenticationFilter@7a3c99f1, org.springframework.security.web.savedrequest.RequestCacheAwareFilter@2e85e3f1, org.springframework.security.web.servletapi.SecurityContextHolderAwareRequestFilter@6921cfa, org.springframework.security.web.authentication.AnonymousAuthenticationFilter@11f3400c, org.springframework.security.web.session.SessionManagementFilter@1c8f71a7, org.springframework.security.web.access.ExceptionTranslationFilter@44ddb518, org.springframework.security.web.access.intercept.FilterSecurityInterceptor@12166229]
2019-04-20 16:32:06,788 INFO org.apache.juli.logging.DirectJDKLog [main] Starting ProtocolHandler ["http-nio-8085"]
2019-04-20 16:32:06,800 INFO org.springframework.boot.web.embedded.tomcat.TomcatWebServer [main] Tomcat started on port(s): 8085 (http) with context path ''
2019-04-20 16:32:06,802 INFO org.springframework.boot.StartupInfoLogger [main] Started Projet7WebServiceApplication in 3.795 seconds (JVM running for 4.047)
2019-04-20 16:32:23,906 ERROR com.bibliotheque.metier.MailBusinessImpl [pool-1-thread-1] Mail email incorrect : mail.email.blank
2019-04-20 16:38:06,131 INFO org.springframework.boot.StartupInfoLogger [main] Starting Projet7WebServiceApplicationTests on DESKTOP-GFBBSE4 with PID 15072 (started by picha in C:\Users\picha\Desktop\Projet 7\Projet7-WebService)
2019-04-20 16:38:06,132 DEBUG org.springframework.boot.StartupInfoLogger [main] Running with Spring Boot v2.1.3.RELEASE, Spring v5.1.5.RELEASE
2019-04-20 16:38:06,133 INFO org.springframework.boot.SpringApplication [main] No active profile set, falling back to default profiles: default
2019-04-20 16:38:06,603 INFO org.springframework.data.repository.config.RepositoryConfigurationDelegate [main] Bootstrapping Spring Data repositories in DEFAULT mode.
2019-04-20 16:38:06,700 INFO org.springframework.data.repository.config.RepositoryConfigurationDelegate [main] Finished Spring Data repository scanning in 89ms. Found 6 repository interfaces.
2019-04-20 16:38:07,089 INFO org.springframework.context.support.PostProcessorRegistrationDelegate$BeanPostProcessorChecker [main] Bean 'org.springframework.transaction.annotation.ProxyTransactionManagementConfiguration' of type [org.springframework.transaction.annotation.ProxyTransactionManagementConfiguration$$EnhancerBySpringCGLIB$$80331831] is not eligible for getting processed by all BeanPostProcessors (for example: not eligible for auto-proxying)
2019-04-20 16:38:07,262 INFO com.zaxxer.hikari.HikariDataSource [main] HikariPool-1 - Starting...
2019-04-20 16:38:07,382 INFO com.zaxxer.hikari.HikariDataSource [main] HikariPool-1 - Start completed.
2019-04-20 16:38:07,433 INFO org.hibernate.jpa.internal.util.LogHelper [main] HHH000204: Processing PersistenceUnitInfo [
	name: default
	...]
2019-04-20 16:38:07,481 INFO org.hibernate.Version [main] HHH000412: Hibernate Core {5.3.7.Final}
2019-04-20 16:38:07,482 INFO org.hibernate.cfg.Environment [main] HHH000206: hibernate.properties not found
2019-04-20 16:38:07,598 INFO org.hibernate.annotations.common.reflection.java.JavaReflectionManager [main] HCANN000001: Hibernate Commons Annotations {5.0.4.Final}
2019-04-20 16:38:07,809 INFO org.hibernate.dialect.Dialect [main] HHH000400: Using dialect: org.hibernate.dialect.PostgreSQLDialect
2019-04-20 16:38:07,824 INFO org.hibernate.engine.jdbc.env.internal.LobCreatorBuilderImpl [main] HHH000422: Disabling contextual LOB creation as connection was null
2019-04-20 16:38:07,828 INFO org.hibernate.type.BasicTypeRegistry [main] HHH000270: Type registration [java.util.UUID] overrides previous : org.hibernate.type.UUIDBinaryType@6468a7b6
2019-04-20 16:38:08,454 INFO org.springframework.orm.jpa.AbstractEntityManagerFactoryBean [main] Initialized JPA EntityManagerFactory for persistence unit 'default'
2019-04-20 16:38:08,705 INFO org.hibernate.hql.internal.QueryTranslatorFactoryInitiator [main] HHH000397: Using ASTQueryTranslatorFactory
2019-04-20 16:38:09,352 WARN org.springframework.context.support.AbstractApplicationContext [main] Exception encountered during context initialization - cancelling refresh attempt: org.springframework.beans.factory.BeanCreationException: Error creating bean with name 'getJWS' defined in class path resource [com/bibliotheque/MyConfig.class]: Invocation of init method failed; nested exception is com.sun.xml.internal.ws.server.ServerRtException: Erreur d'exécution du serveur : java.net.BindException: Address already in use: bind
2019-04-20 16:38:09,354 INFO org.springframework.orm.jpa.AbstractEntityManagerFactoryBean [main] Closing JPA EntityManagerFactory for persistence unit 'default'
2019-04-20 16:38:09,356 INFO com.zaxxer.hikari.HikariDataSource [main] HikariPool-1 - Shutdown initiated...
2019-04-20 16:38:09,361 INFO com.zaxxer.hikari.HikariDataSource [main] HikariPool-1 - Shutdown completed.
2019-04-20 16:38:09,367 INFO org.springframework.boot.autoconfigure.logging.ConditionEvaluationReportLoggingListener [main] 

Error starting ApplicationContext. To display the conditions report re-run your application with 'debug' enabled.
2019-04-20 16:38:09,369 ERROR org.springframework.boot.SpringApplication [main] Application run failed
org.springframework.beans.factory.BeanCreationException: Error creating bean with name 'getJWS' defined in class path resource [com/bibliotheque/MyConfig.class]: Invocation of init method failed; nested exception is com.sun.xml.internal.ws.server.ServerRtException: Erreur d'exécution du serveur : java.net.BindException: Address already in use: bind
	at org.springframework.beans.factory.support.AbstractAutowireCapableBeanFactory.initializeBean(AbstractAutowireCapableBeanFactory.java:1762)
	at org.springframework.beans.factory.support.AbstractAutowireCapableBeanFactory.doCreateBean(AbstractAutowireCapableBeanFactory.java:593)
	at org.springframework.beans.factory.support.AbstractAutowireCapableBeanFactory.createBean(AbstractAutowireCapableBeanFactory.java:515)
	at org.springframework.beans.factory.support.AbstractBeanFactory.lambda$doGetBean$0(AbstractBeanFactory.java:320)
	at org.springframework.beans.factory.support.DefaultSingletonBeanRegistry.getSingleton(DefaultSingletonBeanRegistry.java:222)
	at org.springframework.beans.factory.support.AbstractBeanFactory.doGetBean(AbstractBeanFactory.java:318)
	at org.springframework.beans.factory.support.AbstractBeanFactory.getBean(AbstractBeanFactory.java:199)
	at org.springframework.beans.factory.support.DefaultListableBeanFactory.preInstantiateSingletons(DefaultListableBeanFactory.java:849)
	at org.springframework.context.support.AbstractApplicationContext.finishBeanFactoryInitialization(AbstractApplicationContext.java:877)
	at org.springframework.context.support.AbstractApplicationContext.refresh(AbstractApplicationContext.java:549)
	at org.springframework.boot.SpringApplication.refresh(SpringApplication.java:775)
	at org.springframework.boot.SpringApplication.refreshContext(SpringApplication.java:397)
	at org.springframework.boot.SpringApplication.run(SpringApplication.java:316)
	at org.springframework.boot.test.context.SpringBootContextLoader.loadContext(SpringBootContextLoader.java:127)
	at org.springframework.test.context.cache.DefaultCacheAwareContextLoaderDelegate.loadContextInternal(DefaultCacheAwareContextLoaderDelegate.java:99)
	at org.springframework.test.context.cache.DefaultCacheAwareContextLoaderDelegate.loadContext(DefaultCacheAwareContextLoaderDelegate.java:117)
	at org.springframework.test.context.support.DefaultTestContext.getApplicationContext(DefaultTestContext.java:108)
	at org.springframework.test.context.web.ServletTestExecutionListener.setUpRequestContextIfNecessary(ServletTestExecutionListener.java:190)
	at org.springframework.test.context.web.ServletTestExecutionListener.prepareTestInstance(ServletTestExecutionListener.java:132)
	at org.springframework.test.context.TestContextManager.prepareTestInstance(TestContextManager.java:246)
	at org.springframework.test.context.junit4.SpringJUnit4ClassRunner.createTest(SpringJUnit4ClassRunner.java:227)
	at org.springframework.test.context.junit4.SpringJUnit4ClassRunner$1.runReflectiveCall(SpringJUnit4ClassRunner.java:289)
	at org.junit.internal.runners.model.ReflectiveCallable.run(ReflectiveCallable.java:12)
	at org.springframework.test.context.junit4.SpringJUnit4ClassRunner.methodBlock(SpringJUnit4ClassRunner.java:291)
	at org.springframework.test.context.junit4.SpringJUnit4ClassRunner.runChild(SpringJUnit4ClassRunner.java:246)
	at org.springframework.test.context.junit4.SpringJUnit4ClassRunner.runChild(SpringJUnit4ClassRunner.java:97)
	at org.junit.runners.ParentRunner$3.run(ParentRunner.java:290)
	at org.junit.runners.ParentRunner$1.schedule(ParentRunner.java:71)
	at org.junit.runners.ParentRunner.runChildren(ParentRunner.java:288)
	at org.junit.runners.ParentRunner.access$000(ParentRunner.java:58)
	at org.junit.runners.ParentRunner$2.evaluate(ParentRunner.java:268)
	at org.springframework.test.context.junit4.statements.RunBeforeTestClassCallbacks.evaluate(RunBeforeTestClassCallbacks.java:61)
	at org.springframework.test.context.junit4.statements.RunAfterTestClassCallbacks.evaluate(RunAfterTestClassCallbacks.java:70)
	at org.junit.runners.ParentRunner.run(ParentRunner.java:363)
	at org.springframework.test.context.junit4.SpringJUnit4ClassRunner.run(SpringJUnit4ClassRunner.java:190)
	at org.apache.maven.surefire.junit4.JUnit4Provider.execute(JUnit4Provider.java:365)
	at org.apache.maven.surefire.junit4.JUnit4Provider.executeWithRerun(JUnit4Provider.java:273)
	at org.apache.maven.surefire.junit4.JUnit4Provider.executeTestSet(JUnit4Provider.java:238)
	at org.apache.maven.surefire.junit4.JUnit4Provider.invoke(JUnit4Provider.java:159)
	at org.apache.maven.surefire.booter.ForkedBooter.invokeProviderInSameClassLoader(ForkedBooter.java:384)
	at org.apache.maven.surefire.booter.ForkedBooter.runSuitesInProcess(ForkedBooter.java:345)
	at org.apache.maven.surefire.booter.ForkedBooter.execute(ForkedBooter.java:126)
	at org.apache.maven.surefire.booter.ForkedBooter.main(ForkedBooter.java:418)
Caused by: com.sun.xml.internal.ws.server.ServerRtException: Erreur d'exécution du serveur : java.net.BindException: Address already in use: bind
	at com.sun.xml.internal.ws.transport.http.server.ServerMgr.createContext(ServerMgr.java:130)
	at com.sun.xml.internal.ws.transport.http.server.HttpEndpoint.publish(HttpEndpoint.java:64)
	at com.sun.xml.internal.ws.transport.http.server.EndpointImpl.publish(EndpointImpl.java:232)
	at org.springframework.remoting.jaxws.SimpleJaxWsServiceExporter.publishEndpoint(SimpleJaxWsServiceExporter.java:66)
	at org.springframework.remoting.jaxws.AbstractJaxWsServiceExporter.publishEndpoints(AbstractJaxWsServiceExporter.java:159)
	at org.springframework.remoting.jaxws.AbstractJaxWsServiceExporter.afterPropertiesSet(AbstractJaxWsServiceExporter.java:127)
	at org.springframework.beans.factory.support.AbstractAutowireCapableBeanFactory.invokeInitMethods(AbstractAutowireCapableBeanFactory.java:1821)
	at org.springframework.beans.factory.support.AbstractAutowireCapableBeanFactory.initializeBean(AbstractAutowireCapableBeanFactory.java:1758)
	... 42 common frames omitted
Caused by: java.net.BindException: Address already in use: bind
	at sun.nio.ch.Net.bind0(Native Method)
	at sun.nio.ch.Net.bind(Net.java:433)
	at sun.nio.ch.Net.bind(Net.java:425)
	at sun.nio.ch.ServerSocketChannelImpl.bind(ServerSocketChannelImpl.java:223)
	at sun.nio.ch.ServerSocketAdaptor.bind(ServerSocketAdaptor.java:74)
	at sun.net.httpserver.ServerImpl.<init>(ServerImpl.java:100)
	at sun.net.httpserver.HttpServerImpl.<init>(HttpServerImpl.java:50)
	at sun.net.httpserver.DefaultHttpServerProvider.createHttpServer(DefaultHttpServerProvider.java:35)
	at com.sun.net.httpserver.HttpServer.create(HttpServer.java:130)
	at com.sun.xml.internal.ws.transport.http.server.ServerMgr.createContext(ServerMgr.java:98)
	... 49 common frames omitted
2019-04-20 16:38:09,376 ERROR org.springframework.test.context.TestContextManager [main] Caught exception while allowing TestExecutionListener [org.springframework.test.context.web.ServletTestExecutionListener@765d7657] to prepare test instance [com.bibliotheque.Projet7WebServiceApplicationTests@ce655b9]
java.lang.IllegalStateException: Failed to load ApplicationContext
	at org.springframework.test.context.cache.DefaultCacheAwareContextLoaderDelegate.loadContext(DefaultCacheAwareContextLoaderDelegate.java:125)
	at org.springframework.test.context.support.DefaultTestContext.getApplicationContext(DefaultTestContext.java:108)
	at org.springframework.test.context.web.ServletTestExecutionListener.setUpRequestContextIfNecessary(ServletTestExecutionListener.java:190)
	at org.springframework.test.context.web.ServletTestExecutionListener.prepareTestInstance(ServletTestExecutionListener.java:132)
	at org.springframework.test.context.TestContextManager.prepareTestInstance(TestContextManager.java:246)
	at org.springframework.test.context.junit4.SpringJUnit4ClassRunner.createTest(SpringJUnit4ClassRunner.java:227)
	at org.springframework.test.context.junit4.SpringJUnit4ClassRunner$1.runReflectiveCall(SpringJUnit4ClassRunner.java:289)
	at org.junit.internal.runners.model.ReflectiveCallable.run(ReflectiveCallable.java:12)
	at org.springframework.test.context.junit4.SpringJUnit4ClassRunner.methodBlock(SpringJUnit4ClassRunner.java:291)
	at org.springframework.test.context.junit4.SpringJUnit4ClassRunner.runChild(SpringJUnit4ClassRunner.java:246)
	at org.springframework.test.context.junit4.SpringJUnit4ClassRunner.runChild(SpringJUnit4ClassRunner.java:97)
	at org.junit.runners.ParentRunner$3.run(ParentRunner.java:290)
	at org.junit.runners.ParentRunner$1.schedule(ParentRunner.java:71)
	at org.junit.runners.ParentRunner.runChildren(ParentRunner.java:288)
	at org.junit.runners.ParentRunner.access$000(ParentRunner.java:58)
	at org.junit.runners.ParentRunner$2.evaluate(ParentRunner.java:268)
	at org.springframework.test.context.junit4.statements.RunBeforeTestClassCallbacks.evaluate(RunBeforeTestClassCallbacks.java:61)
	at org.springframework.test.context.junit4.statements.RunAfterTestClassCallbacks.evaluate(RunAfterTestClassCallbacks.java:70)
	at org.junit.runners.ParentRunner.run(ParentRunner.java:363)
	at org.springframework.test.context.junit4.SpringJUnit4ClassRunner.run(SpringJUnit4ClassRunner.java:190)
	at org.apache.maven.surefire.junit4.JUnit4Provider.execute(JUnit4Provider.java:365)
	at org.apache.maven.surefire.junit4.JUnit4Provider.executeWithRerun(JUnit4Provider.java:273)
	at org.apache.maven.surefire.junit4.JUnit4Provider.executeTestSet(JUnit4Provider.java:238)
	at org.apache.maven.surefire.junit4.JUnit4Provider.invoke(JUnit4Provider.java:159)
	at org.apache.maven.surefire.booter.ForkedBooter.invokeProviderInSameClassLoader(ForkedBooter.java:384)
	at org.apache.maven.surefire.booter.ForkedBooter.runSuitesInProcess(ForkedBooter.java:345)
	at org.apache.maven.surefire.booter.ForkedBooter.execute(ForkedBooter.java:126)
	at org.apache.maven.surefire.booter.ForkedBooter.main(ForkedBooter.java:418)
Caused by: org.springframework.beans.factory.BeanCreationException: Error creating bean with name 'getJWS' defined in class path resource [com/bibliotheque/MyConfig.class]: Invocation of init method failed; nested exception is com.sun.xml.internal.ws.server.ServerRtException: Erreur d'exécution du serveur : java.net.BindException: Address already in use: bind
	at org.springframework.beans.factory.support.AbstractAutowireCapableBeanFactory.initializeBean(AbstractAutowireCapableBeanFactory.java:1762)
	at org.springframework.beans.factory.support.AbstractAutowireCapableBeanFactory.doCreateBean(AbstractAutowireCapableBeanFactory.java:593)
	at org.springframework.beans.factory.support.AbstractAutowireCapableBeanFactory.createBean(AbstractAutowireCapableBeanFactory.java:515)
	at org.springframework.beans.factory.support.AbstractBeanFactory.lambda$doGetBean$0(AbstractBeanFactory.java:320)
	at org.springframework.beans.factory.support.DefaultSingletonBeanRegistry.getSingleton(DefaultSingletonBeanRegistry.java:222)
	at org.springframework.beans.factory.support.AbstractBeanFactory.doGetBean(AbstractBeanFactory.java:318)
	at org.springframework.beans.factory.support.AbstractBeanFactory.getBean(AbstractBeanFactory.java:199)
	at org.springframework.beans.factory.support.DefaultListableBeanFactory.preInstantiateSingletons(DefaultListableBeanFactory.java:849)
	at org.springframework.context.support.AbstractApplicationContext.finishBeanFactoryInitialization(AbstractApplicationContext.java:877)
	at org.springframework.context.support.AbstractApplicationContext.refresh(AbstractApplicationContext.java:549)
	at org.springframework.boot.SpringApplication.refresh(SpringApplication.java:775)
	at org.springframework.boot.SpringApplication.refreshContext(SpringApplication.java:397)
	at org.springframework.boot.SpringApplication.run(SpringApplication.java:316)
	at org.springframework.boot.test.context.SpringBootContextLoader.loadContext(SpringBootContextLoader.java:127)
	at org.springframework.test.context.cache.DefaultCacheAwareContextLoaderDelegate.loadContextInternal(DefaultCacheAwareContextLoaderDelegate.java:99)
	at org.springframework.test.context.cache.DefaultCacheAwareContextLoaderDelegate.loadContext(DefaultCacheAwareContextLoaderDelegate.java:117)
	... 27 common frames omitted
Caused by: com.sun.xml.internal.ws.server.ServerRtException: Erreur d'exécution du serveur : java.net.BindException: Address already in use: bind
	at com.sun.xml.internal.ws.transport.http.server.ServerMgr.createContext(ServerMgr.java:130)
	at com.sun.xml.internal.ws.transport.http.server.HttpEndpoint.publish(HttpEndpoint.java:64)
	at com.sun.xml.internal.ws.transport.http.server.EndpointImpl.publish(EndpointImpl.java:232)
	at org.springframework.remoting.jaxws.SimpleJaxWsServiceExporter.publishEndpoint(SimpleJaxWsServiceExporter.java:66)
	at org.springframework.remoting.jaxws.AbstractJaxWsServiceExporter.publishEndpoints(AbstractJaxWsServiceExporter.java:159)
	at org.springframework.remoting.jaxws.AbstractJaxWsServiceExporter.afterPropertiesSet(AbstractJaxWsServiceExporter.java:127)
	at org.springframework.beans.factory.support.AbstractAutowireCapableBeanFactory.invokeInitMethods(AbstractAutowireCapableBeanFactory.java:1821)
	at org.springframework.beans.factory.support.AbstractAutowireCapableBeanFactory.initializeBean(AbstractAutowireCapableBeanFactory.java:1758)
	... 42 common frames omitted
Caused by: java.net.BindException: Address already in use: bind
	at sun.nio.ch.Net.bind0(Native Method)
	at sun.nio.ch.Net.bind(Net.java:433)
	at sun.nio.ch.Net.bind(Net.java:425)
	at sun.nio.ch.ServerSocketChannelImpl.bind(ServerSocketChannelImpl.java:223)
	at sun.nio.ch.ServerSocketAdaptor.bind(ServerSocketAdaptor.java:74)
	at sun.net.httpserver.ServerImpl.<init>(ServerImpl.java:100)
	at sun.net.httpserver.HttpServerImpl.<init>(HttpServerImpl.java:50)
	at sun.net.httpserver.DefaultHttpServerProvider.createHttpServer(DefaultHttpServerProvider.java:35)
	at com.sun.net.httpserver.HttpServer.create(HttpServer.java:130)
	at com.sun.xml.internal.ws.transport.http.server.ServerMgr.createContext(ServerMgr.java:98)
	... 49 common frames omitted
2019-04-20 16:38:23,091 INFO org.springframework.boot.StartupInfoLogger [main] Starting Projet7WebServiceApplicationTests on DESKTOP-GFBBSE4 with PID 12232 (started by picha in C:\Users\picha\Desktop\Projet 7\Projet7-WebService)
2019-04-20 16:38:23,092 DEBUG org.springframework.boot.StartupInfoLogger [main] Running with Spring Boot v2.1.3.RELEASE, Spring v5.1.5.RELEASE
2019-04-20 16:38:23,093 INFO org.springframework.boot.SpringApplication [main] No active profile set, falling back to default profiles: default
2019-04-20 16:38:23,715 INFO org.springframework.data.repository.config.RepositoryConfigurationDelegate [main] Bootstrapping Spring Data repositories in DEFAULT mode.
2019-04-20 16:38:23,802 INFO org.springframework.data.repository.config.RepositoryConfigurationDelegate [main] Finished Spring Data repository scanning in 79ms. Found 6 repository interfaces.
2019-04-20 16:38:24,199 INFO org.springframework.context.support.PostProcessorRegistrationDelegate$BeanPostProcessorChecker [main] Bean 'org.springframework.transaction.annotation.ProxyTransactionManagementConfiguration' of type [org.springframework.transaction.annotation.ProxyTransactionManagementConfiguration$$EnhancerBySpringCGLIB$$59456f9e] is not eligible for getting processed by all BeanPostProcessors (for example: not eligible for auto-proxying)
2019-04-20 16:38:24,412 INFO com.zaxxer.hikari.HikariDataSource [main] HikariPool-1 - Starting...
2019-04-20 16:38:24,570 INFO com.zaxxer.hikari.HikariDataSource [main] HikariPool-1 - Start completed.
2019-04-20 16:38:24,624 INFO org.hibernate.jpa.internal.util.LogHelper [main] HHH000204: Processing PersistenceUnitInfo [
	name: default
	...]
2019-04-20 16:38:24,678 INFO org.hibernate.Version [main] HHH000412: Hibernate Core {5.3.7.Final}
2019-04-20 16:38:24,679 INFO org.hibernate.cfg.Environment [main] HHH000206: hibernate.properties not found
2019-04-20 16:38:24,795 INFO org.hibernate.annotations.common.reflection.java.JavaReflectionManager [main] HCANN000001: Hibernate Commons Annotations {5.0.4.Final}
2019-04-20 16:38:24,972 INFO org.hibernate.dialect.Dialect [main] HHH000400: Using dialect: org.hibernate.dialect.PostgreSQLDialect
2019-04-20 16:38:24,985 INFO org.hibernate.engine.jdbc.env.internal.LobCreatorBuilderImpl [main] HHH000422: Disabling contextual LOB creation as connection was null
2019-04-20 16:38:24,989 INFO org.hibernate.type.BasicTypeRegistry [main] HHH000270: Type registration [java.util.UUID] overrides previous : org.hibernate.type.UUIDBinaryType@19a31b9d
2019-04-20 16:38:25,612 INFO org.springframework.orm.jpa.AbstractEntityManagerFactoryBean [main] Initialized JPA EntityManagerFactory for persistence unit 'default'
2019-04-20 16:38:25,893 INFO org.hibernate.hql.internal.QueryTranslatorFactoryInitiator [main] HHH000397: Using ASTQueryTranslatorFactory
2019-04-20 16:38:27,047 INFO org.springframework.scheduling.concurrent.ExecutorConfigurationSupport [main] Initializing ExecutorService 'applicationTaskExecutor'
2019-04-20 16:38:27,097 WARN org.springframework.boot.autoconfigure.orm.jpa.JpaBaseConfiguration$JpaWebConfiguration$JpaWebMvcConfiguration [main] spring.jpa.open-in-view is enabled by default. Therefore, database queries may be performed during view rendering. Explicitly configure spring.jpa.open-in-view to disable this warning
2019-04-20 16:38:27,477 INFO org.springframework.boot.autoconfigure.security.servlet.UserDetailsServiceAutoConfiguration [main] 

Using generated security password: c64572ca-1864-4fc2-93ad-eaeefa702240

2019-04-20 16:38:27,622 INFO org.springframework.security.web.DefaultSecurityFilterChain [main] Creating filter chain: any request, [org.springframework.security.web.context.request.async.WebAsyncManagerIntegrationFilter@432a6a69, org.springframework.security.web.context.SecurityContextPersistenceFilter@26aee0a6, org.springframework.security.web.header.HeaderWriterFilter@6f4d2294, org.springframework.security.web.csrf.CsrfFilter@4272d8cf, org.springframework.security.web.authentication.logout.LogoutFilter@5256fbc, org.springframework.security.web.authentication.UsernamePasswordAuthenticationFilter@68df8c6, org.springframework.security.web.authentication.ui.DefaultLoginPageGeneratingFilter@e994ca, org.springframework.security.web.authentication.ui.DefaultLogoutPageGeneratingFilter@6f52a229, org.springframework.security.web.authentication.www.BasicAuthenticationFilter@6c1e40d9, org.springframework.security.web.savedrequest.RequestCacheAwareFilter@35fb3209, org.springframework.security.web.servletapi.SecurityContextHolderAwareRequestFilter@3a9c11fb, org.springframework.security.web.authentication.AnonymousAuthenticationFilter@3fe98084, org.springframework.security.web.session.SessionManagementFilter@2e0516a3, org.springframework.security.web.access.ExceptionTranslationFilter@2fcc5f49, org.springframework.security.web.access.intercept.FilterSecurityInterceptor@69f69078]
2019-04-20 16:38:27,715 INFO org.springframework.boot.StartupInfoLogger [main] Started Projet7WebServiceApplicationTests in 4.922 seconds (JVM running for 5.43)
2019-04-20 16:38:27,792 INFO org.springframework.scheduling.concurrent.ExecutorConfigurationSupport [Thread-5] Shutting down ExecutorService 'applicationTaskExecutor'
2019-04-20 16:38:27,794 INFO org.springframework.orm.jpa.AbstractEntityManagerFactoryBean [Thread-5] Closing JPA EntityManagerFactory for persistence unit 'default'
2019-04-20 16:38:27,796 INFO com.zaxxer.hikari.HikariDataSource [Thread-5] HikariPool-1 - Shutdown initiated...
2019-04-20 16:38:27,799 INFO com.zaxxer.hikari.HikariDataSource [Thread-5] HikariPool-1 - Shutdown completed.
2019-04-20 16:51:31,142 INFO org.springframework.boot.StartupInfoLogger [main] Starting Projet7WebServiceApplication on DESKTOP-GFBBSE4 with PID 7588 (started by picha in C:\Users\picha\Desktop\Projet 7\Projet7-WebService)
2019-04-20 16:51:31,143 DEBUG org.springframework.boot.StartupInfoLogger [main] Running with Spring Boot v2.1.3.RELEASE, Spring v5.1.5.RELEASE
2019-04-20 16:51:31,144 INFO org.springframework.boot.SpringApplication [main] No active profile set, falling back to default profiles: default
2019-04-20 16:51:31,629 INFO org.springframework.data.repository.config.RepositoryConfigurationDelegate [main] Bootstrapping Spring Data repositories in DEFAULT mode.
2019-04-20 16:51:31,708 INFO org.springframework.data.repository.config.RepositoryConfigurationDelegate [main] Finished Spring Data repository scanning in 74ms. Found 6 repository interfaces.
2019-04-20 16:51:32,003 INFO org.springframework.context.support.PostProcessorRegistrationDelegate$BeanPostProcessorChecker [main] Bean 'org.springframework.transaction.annotation.ProxyTransactionManagementConfiguration' of type [org.springframework.transaction.annotation.ProxyTransactionManagementConfiguration$$EnhancerBySpringCGLIB$$bd0ee773] is not eligible for getting processed by all BeanPostProcessors (for example: not eligible for auto-proxying)
2019-04-20 16:51:32,338 INFO org.springframework.boot.web.embedded.tomcat.TomcatWebServer [main] Tomcat initialized with port(s): 8085 (http)
2019-04-20 16:51:32,352 INFO org.apache.juli.logging.DirectJDKLog [main] Initializing ProtocolHandler ["http-nio-8085"]
2019-04-20 16:51:32,362 INFO org.apache.juli.logging.DirectJDKLog [main] Starting service [Tomcat]
2019-04-20 16:51:32,363 INFO org.apache.juli.logging.DirectJDKLog [main] Starting Servlet engine: [Apache Tomcat/9.0.16]
2019-04-20 16:51:32,374 INFO org.apache.juli.logging.DirectJDKLog [main] The APR based Apache Tomcat Native library which allows optimal performance in production environments was not found on the java.library.path: [C:\Program Files\Java\jdk1.8.0_181\bin;C:\Windows\Sun\Java\bin;C:\Windows\system32;C:\Windows;C:/Program Files/Java/jre1.8.0_201/bin/server;C:/Program Files/Java/jre1.8.0_201/bin;C:/Program Files/Java/jre1.8.0_201/lib/amd64;C:\Program Files (x86)\Common Files\Oracle\Java\javapath;C:\Program Files (x86)\Intel\Intel(R) Management Engine Components\iCLS\;C:\Program Files\Intel\Intel(R) Management Engine Components\iCLS\;C:\Windows\system32;C:\Windows;C:\Windows\System32\Wbem;C:\Windows\System32\WindowsPowerShell\v1.0\;C:\Windows\System32\OpenSSH\;C:\Program Files (x86)\NVIDIA Corporation\PhysX\Common;C:\Program Files (x86)\Intel\Intel(R) Management Engine Components\DAL;C:\Program Files\Intel\Intel(R) Management Engine Components\DAL;C:\Program Files (x86)\Intel\Intel(R) Management Engine Components\IPT;C:\Program Files\Intel\Intel(R) Management Engine Components\IPT;C:\Program Files\Intel\WiFi\bin\;C:\Program Files\Common Files\Intel\WirelessCommon\;C:\Program Files\Git\cmd;C:\Users\picha\AppData\Local\Microsoft\WindowsApps;;C:\Users\picha\Desktop;;.]
2019-04-20 16:51:32,521 INFO org.apache.juli.logging.DirectJDKLog [main] Initializing Spring embedded WebApplicationContext
2019-04-20 16:51:32,522 INFO org.springframework.boot.web.servlet.context.ServletWebServerApplicationContext [main] Root WebApplicationContext: initialization completed in 1347 ms
2019-04-20 16:51:32,679 INFO com.zaxxer.hikari.HikariDataSource [main] HikariPool-1 - Starting...
2019-04-20 16:51:32,787 INFO com.zaxxer.hikari.HikariDataSource [main] HikariPool-1 - Start completed.
2019-04-20 16:51:32,838 INFO org.hibernate.jpa.internal.util.LogHelper [main] HHH000204: Processing PersistenceUnitInfo [
	name: default
	...]
2019-04-20 16:51:32,888 INFO org.hibernate.Version [main] HHH000412: Hibernate Core {5.3.7.Final}
2019-04-20 16:51:32,889 INFO org.hibernate.cfg.Environment [main] HHH000206: hibernate.properties not found
2019-04-20 16:51:33,000 INFO org.hibernate.annotations.common.reflection.java.JavaReflectionManager [main] HCANN000001: Hibernate Commons Annotations {5.0.4.Final}
2019-04-20 16:51:33,166 INFO org.hibernate.dialect.Dialect [main] HHH000400: Using dialect: org.hibernate.dialect.PostgreSQLDialect
2019-04-20 16:51:33,187 INFO org.hibernate.engine.jdbc.env.internal.LobCreatorBuilderImpl [main] HHH000422: Disabling contextual LOB creation as connection was null
2019-04-20 16:51:33,194 INFO org.hibernate.type.BasicTypeRegistry [main] HHH000270: Type registration [java.util.UUID] overrides previous : org.hibernate.type.UUIDBinaryType@15efda6c
2019-04-20 16:51:34,079 INFO org.springframework.orm.jpa.AbstractEntityManagerFactoryBean [main] Initialized JPA EntityManagerFactory for persistence unit 'default'
2019-04-20 16:51:34,457 INFO org.hibernate.hql.internal.QueryTranslatorFactoryInitiator [main] HHH000397: Using ASTQueryTranslatorFactory
2019-04-20 16:51:35,363 INFO org.springframework.scheduling.concurrent.ExecutorConfigurationSupport [main] Initializing ExecutorService 'applicationTaskExecutor'
2019-04-20 16:51:35,425 WARN org.springframework.boot.autoconfigure.orm.jpa.JpaBaseConfiguration$JpaWebConfiguration$JpaWebMvcConfiguration [main] spring.jpa.open-in-view is enabled by default. Therefore, database queries may be performed during view rendering. Explicitly configure spring.jpa.open-in-view to disable this warning
2019-04-20 16:51:35,685 INFO org.springframework.boot.autoconfigure.security.servlet.UserDetailsServiceAutoConfiguration [main] 

Using generated security password: a78f21cb-e928-4604-8158-0c482789aa39

2019-04-20 16:51:35,941 INFO org.springframework.security.web.DefaultSecurityFilterChain [main] Creating filter chain: any request, [org.springframework.security.web.context.request.async.WebAsyncManagerIntegrationFilter@3cb04dd, org.springframework.security.web.context.SecurityContextPersistenceFilter@61c5fd78, org.springframework.security.web.header.HeaderWriterFilter@1328f482, org.springframework.security.web.csrf.CsrfFilter@1d444652, org.springframework.security.web.authentication.logout.LogoutFilter@2bcb1414, org.springframework.security.web.authentication.UsernamePasswordAuthenticationFilter@1f48fa72, org.springframework.security.web.authentication.ui.DefaultLoginPageGeneratingFilter@106459d9, org.springframework.security.web.authentication.ui.DefaultLogoutPageGeneratingFilter@73d91faf, org.springframework.security.web.authentication.www.BasicAuthenticationFilter@58bad46f, org.springframework.security.web.savedrequest.RequestCacheAwareFilter@39dda56f, org.springframework.security.web.servletapi.SecurityContextHolderAwareRequestFilter@135064ea, org.springframework.security.web.authentication.AnonymousAuthenticationFilter@30fa8a6b, org.springframework.security.web.session.SessionManagementFilter@19ec5357, org.springframework.security.web.access.ExceptionTranslationFilter@59f76e56, org.springframework.security.web.access.intercept.FilterSecurityInterceptor@173a5fad]
2019-04-20 16:51:36,082 INFO org.apache.juli.logging.DirectJDKLog [main] Starting ProtocolHandler ["http-nio-8085"]
2019-04-20 16:51:36,108 INFO org.springframework.boot.web.embedded.tomcat.TomcatWebServer [main] Tomcat started on port(s): 8085 (http) with context path ''
2019-04-20 16:51:36,112 INFO org.springframework.boot.StartupInfoLogger [main] Started Projet7WebServiceApplication in 5.233 seconds (JVM running for 5.483)
2019-04-20 16:52:04,669 ERROR com.bibliotheque.metier.MailBusinessImpl [pool-1-thread-1] Mail email incorrect : mail.email.blank
2019-04-20 17:10:09,742 INFO org.springframework.boot.StartupInfoLogger [main] Starting Projet7WebServiceApplication on DESKTOP-GFBBSE4 with PID 15536 (started by picha in C:\Users\picha\Desktop\Projet 7\Projet7-WebService)
2019-04-20 17:10:09,743 DEBUG org.springframework.boot.StartupInfoLogger [main] Running with Spring Boot v2.1.3.RELEASE, Spring v5.1.5.RELEASE
2019-04-20 17:10:09,743 INFO org.springframework.boot.SpringApplication [main] No active profile set, falling back to default profiles: default
2019-04-20 17:10:10,227 INFO org.springframework.data.repository.config.RepositoryConfigurationDelegate [main] Bootstrapping Spring Data repositories in DEFAULT mode.
2019-04-20 17:10:10,301 INFO org.springframework.data.repository.config.RepositoryConfigurationDelegate [main] Finished Spring Data repository scanning in 69ms. Found 6 repository interfaces.
2019-04-20 17:10:10,574 INFO org.springframework.context.support.PostProcessorRegistrationDelegate$BeanPostProcessorChecker [main] Bean 'org.springframework.transaction.annotation.ProxyTransactionManagementConfiguration' of type [org.springframework.transaction.annotation.ProxyTransactionManagementConfiguration$$EnhancerBySpringCGLIB$$4329fefa] is not eligible for getting processed by all BeanPostProcessors (for example: not eligible for auto-proxying)
2019-04-20 17:10:10,952 INFO org.springframework.boot.web.embedded.tomcat.TomcatWebServer [main] Tomcat initialized with port(s): 8085 (http)
2019-04-20 17:10:10,965 INFO org.apache.juli.logging.DirectJDKLog [main] Initializing ProtocolHandler ["http-nio-8085"]
2019-04-20 17:10:10,979 INFO org.apache.juli.logging.DirectJDKLog [main] Starting service [Tomcat]
2019-04-20 17:10:10,979 INFO org.apache.juli.logging.DirectJDKLog [main] Starting Servlet engine: [Apache Tomcat/9.0.16]
2019-04-20 17:10:10,988 INFO org.apache.juli.logging.DirectJDKLog [main] The APR based Apache Tomcat Native library which allows optimal performance in production environments was not found on the java.library.path: [C:\Program Files\Java\jdk1.8.0_181\bin;C:\Windows\Sun\Java\bin;C:\Windows\system32;C:\Windows;C:/Program Files/Java/jre1.8.0_201/bin/server;C:/Program Files/Java/jre1.8.0_201/bin;C:/Program Files/Java/jre1.8.0_201/lib/amd64;C:\Program Files (x86)\Common Files\Oracle\Java\javapath;C:\Program Files (x86)\Intel\Intel(R) Management Engine Components\iCLS\;C:\Program Files\Intel\Intel(R) Management Engine Components\iCLS\;C:\Windows\system32;C:\Windows;C:\Windows\System32\Wbem;C:\Windows\System32\WindowsPowerShell\v1.0\;C:\Windows\System32\OpenSSH\;C:\Program Files (x86)\NVIDIA Corporation\PhysX\Common;C:\Program Files (x86)\Intel\Intel(R) Management Engine Components\DAL;C:\Program Files\Intel\Intel(R) Management Engine Components\DAL;C:\Program Files (x86)\Intel\Intel(R) Management Engine Components\IPT;C:\Program Files\Intel\Intel(R) Management Engine Components\IPT;C:\Program Files\Intel\WiFi\bin\;C:\Program Files\Common Files\Intel\WirelessCommon\;C:\Program Files\Git\cmd;C:\Users\picha\AppData\Local\Microsoft\WindowsApps;;C:\Users\picha\Desktop;;.]
2019-04-20 17:10:11,146 INFO org.apache.juli.logging.DirectJDKLog [main] Initializing Spring embedded WebApplicationContext
2019-04-20 17:10:11,147 INFO org.springframework.boot.web.servlet.context.ServletWebServerApplicationContext [main] Root WebApplicationContext: initialization completed in 1375 ms
2019-04-20 17:10:11,335 INFO com.zaxxer.hikari.HikariDataSource [main] HikariPool-1 - Starting...
2019-04-20 17:10:11,433 INFO com.zaxxer.hikari.HikariDataSource [main] HikariPool-1 - Start completed.
2019-04-20 17:10:11,484 INFO org.hibernate.jpa.internal.util.LogHelper [main] HHH000204: Processing PersistenceUnitInfo [
	name: default
	...]
2019-04-20 17:10:11,538 INFO org.hibernate.Version [main] HHH000412: Hibernate Core {5.3.7.Final}
2019-04-20 17:10:11,539 INFO org.hibernate.cfg.Environment [main] HHH000206: hibernate.properties not found
2019-04-20 17:10:11,707 INFO org.hibernate.annotations.common.reflection.java.JavaReflectionManager [main] HCANN000001: Hibernate Commons Annotations {5.0.4.Final}
2019-04-20 17:10:11,896 INFO org.hibernate.dialect.Dialect [main] HHH000400: Using dialect: org.hibernate.dialect.PostgreSQLDialect
2019-04-20 17:10:11,910 INFO org.hibernate.engine.jdbc.env.internal.LobCreatorBuilderImpl [main] HHH000422: Disabling contextual LOB creation as connection was null
2019-04-20 17:10:11,915 INFO org.hibernate.type.BasicTypeRegistry [main] HHH000270: Type registration [java.util.UUID] overrides previous : org.hibernate.type.UUIDBinaryType@46e64760
2019-04-20 17:10:12,708 INFO org.springframework.orm.jpa.AbstractEntityManagerFactoryBean [main] Initialized JPA EntityManagerFactory for persistence unit 'default'
2019-04-20 17:10:13,023 INFO org.hibernate.hql.internal.QueryTranslatorFactoryInitiator [main] HHH000397: Using ASTQueryTranslatorFactory
2019-04-20 17:10:14,076 INFO org.springframework.scheduling.concurrent.ExecutorConfigurationSupport [main] Initializing ExecutorService 'applicationTaskExecutor'
2019-04-20 17:10:14,130 WARN org.springframework.boot.autoconfigure.orm.jpa.JpaBaseConfiguration$JpaWebConfiguration$JpaWebMvcConfiguration [main] spring.jpa.open-in-view is enabled by default. Therefore, database queries may be performed during view rendering. Explicitly configure spring.jpa.open-in-view to disable this warning
2019-04-20 17:10:14,382 INFO org.springframework.boot.autoconfigure.security.servlet.UserDetailsServiceAutoConfiguration [main] 

Using generated security password: 6fc766dd-762d-4b99-8eba-61036fdb20e1

2019-04-20 17:10:14,582 INFO org.springframework.security.web.DefaultSecurityFilterChain [main] Creating filter chain: any request, [org.springframework.security.web.context.request.async.WebAsyncManagerIntegrationFilter@30fa8a6b, org.springframework.security.web.context.SecurityContextPersistenceFilter@39dda56f, org.springframework.security.web.header.HeaderWriterFilter@19ec5357, org.springframework.security.web.csrf.CsrfFilter@1b1ea1d9, org.springframework.security.web.authentication.logout.LogoutFilter@2b4829aa, org.springframework.security.web.authentication.UsernamePasswordAuthenticationFilter@495da9a7, org.springframework.security.web.authentication.ui.DefaultLoginPageGeneratingFilter@23c05889, org.springframework.security.web.authentication.ui.DefaultLogoutPageGeneratingFilter@6f112f70, org.springframework.security.web.authentication.www.BasicAuthenticationFilter@20231384, org.springframework.security.web.savedrequest.RequestCacheAwareFilter@2ee456c7, org.springframework.security.web.servletapi.SecurityContextHolderAwareRequestFilter@106459d9, org.springframework.security.web.authentication.AnonymousAuthenticationFilter@342723a3, org.springframework.security.web.session.SessionManagementFilter@61c5fd78, org.springframework.security.web.access.ExceptionTranslationFilter@1328f482, org.springframework.security.web.access.intercept.FilterSecurityInterceptor@65d90b7f]
2019-04-20 17:10:14,637 INFO org.apache.juli.logging.DirectJDKLog [main] Starting ProtocolHandler ["http-nio-8085"]
2019-04-20 17:10:14,649 INFO org.springframework.boot.web.embedded.tomcat.TomcatWebServer [main] Tomcat started on port(s): 8085 (http) with context path ''
2019-04-20 17:10:14,650 INFO org.springframework.boot.StartupInfoLogger [main] Started Projet7WebServiceApplication in 5.17 seconds (JVM running for 5.438)
2019-04-20 17:11:17,402 ERROR com.bibliotheque.metier.MailBusinessImpl [pool-1-thread-1] Mail email incorrect : mail.email.blank
2019-04-20 17:12:21,770 INFO org.springframework.boot.StartupInfoLogger [main] Starting Projet7WebServiceApplication on DESKTOP-GFBBSE4 with PID 14772 (started by picha in C:\Users\picha\Desktop\Projet 7\Projet7-WebService)
2019-04-20 17:12:21,772 DEBUG org.springframework.boot.StartupInfoLogger [main] Running with Spring Boot v2.1.3.RELEASE, Spring v5.1.5.RELEASE
2019-04-20 17:12:21,772 INFO org.springframework.boot.SpringApplication [main] No active profile set, falling back to default profiles: default
2019-04-20 17:12:22,246 INFO org.springframework.data.repository.config.RepositoryConfigurationDelegate [main] Bootstrapping Spring Data repositories in DEFAULT mode.
2019-04-20 17:12:22,315 INFO org.springframework.data.repository.config.RepositoryConfigurationDelegate [main] Finished Spring Data repository scanning in 64ms. Found 6 repository interfaces.
2019-04-20 17:12:22,608 INFO org.springframework.context.support.PostProcessorRegistrationDelegate$BeanPostProcessorChecker [main] Bean 'org.springframework.transaction.annotation.ProxyTransactionManagementConfiguration' of type [org.springframework.transaction.annotation.ProxyTransactionManagementConfiguration$$EnhancerBySpringCGLIB$$8f380d2d] is not eligible for getting processed by all BeanPostProcessors (for example: not eligible for auto-proxying)
2019-04-20 17:12:22,933 INFO org.springframework.boot.web.embedded.tomcat.TomcatWebServer [main] Tomcat initialized with port(s): 8085 (http)
2019-04-20 17:12:22,943 INFO org.apache.juli.logging.DirectJDKLog [main] Initializing ProtocolHandler ["http-nio-8085"]
2019-04-20 17:12:22,953 INFO org.apache.juli.logging.DirectJDKLog [main] Starting service [Tomcat]
2019-04-20 17:12:22,953 INFO org.apache.juli.logging.DirectJDKLog [main] Starting Servlet engine: [Apache Tomcat/9.0.16]
2019-04-20 17:12:22,959 INFO org.apache.juli.logging.DirectJDKLog [main] The APR based Apache Tomcat Native library which allows optimal performance in production environments was not found on the java.library.path: [C:\Program Files\Java\jdk1.8.0_181\bin;C:\Windows\Sun\Java\bin;C:\Windows\system32;C:\Windows;C:/Program Files/Java/jre1.8.0_201/bin/server;C:/Program Files/Java/jre1.8.0_201/bin;C:/Program Files/Java/jre1.8.0_201/lib/amd64;C:\Program Files (x86)\Common Files\Oracle\Java\javapath;C:\Program Files (x86)\Intel\Intel(R) Management Engine Components\iCLS\;C:\Program Files\Intel\Intel(R) Management Engine Components\iCLS\;C:\Windows\system32;C:\Windows;C:\Windows\System32\Wbem;C:\Windows\System32\WindowsPowerShell\v1.0\;C:\Windows\System32\OpenSSH\;C:\Program Files (x86)\NVIDIA Corporation\PhysX\Common;C:\Program Files (x86)\Intel\Intel(R) Management Engine Components\DAL;C:\Program Files\Intel\Intel(R) Management Engine Components\DAL;C:\Program Files (x86)\Intel\Intel(R) Management Engine Components\IPT;C:\Program Files\Intel\Intel(R) Management Engine Components\IPT;C:\Program Files\Intel\WiFi\bin\;C:\Program Files\Common Files\Intel\WirelessCommon\;C:\Program Files\Git\cmd;C:\Users\picha\AppData\Local\Microsoft\WindowsApps;;C:\Users\picha\Desktop;;.]
2019-04-20 17:12:23,062 INFO org.apache.juli.logging.DirectJDKLog [main] Initializing Spring embedded WebApplicationContext
2019-04-20 17:12:23,063 INFO org.springframework.boot.web.servlet.context.ServletWebServerApplicationContext [main] Root WebApplicationContext: initialization completed in 1262 ms
2019-04-20 17:12:23,185 INFO com.zaxxer.hikari.HikariDataSource [main] HikariPool-1 - Starting...
2019-04-20 17:12:23,264 INFO com.zaxxer.hikari.HikariDataSource [main] HikariPool-1 - Start completed.
2019-04-20 17:12:23,308 INFO org.hibernate.jpa.internal.util.LogHelper [main] HHH000204: Processing PersistenceUnitInfo [
	name: default
	...]
2019-04-20 17:12:23,351 INFO org.hibernate.Version [main] HHH000412: Hibernate Core {5.3.7.Final}
2019-04-20 17:12:23,351 INFO org.hibernate.cfg.Environment [main] HHH000206: hibernate.properties not found
2019-04-20 17:12:23,453 INFO org.hibernate.annotations.common.reflection.java.JavaReflectionManager [main] HCANN000001: Hibernate Commons Annotations {5.0.4.Final}
2019-04-20 17:12:23,571 INFO org.hibernate.dialect.Dialect [main] HHH000400: Using dialect: org.hibernate.dialect.PostgreSQLDialect
2019-04-20 17:12:23,583 INFO org.hibernate.engine.jdbc.env.internal.LobCreatorBuilderImpl [main] HHH000422: Disabling contextual LOB creation as connection was null
2019-04-20 17:12:23,588 INFO org.hibernate.type.BasicTypeRegistry [main] HHH000270: Type registration [java.util.UUID] overrides previous : org.hibernate.type.UUIDBinaryType@107bfcb2
2019-04-20 17:12:24,126 INFO org.springframework.orm.jpa.AbstractEntityManagerFactoryBean [main] Initialized JPA EntityManagerFactory for persistence unit 'default'
2019-04-20 17:12:24,396 INFO org.hibernate.hql.internal.QueryTranslatorFactoryInitiator [main] HHH000397: Using ASTQueryTranslatorFactory
2019-04-20 17:12:25,421 INFO org.springframework.scheduling.concurrent.ExecutorConfigurationSupport [main] Initializing ExecutorService 'applicationTaskExecutor'
2019-04-20 17:12:25,493 WARN org.springframework.boot.autoconfigure.orm.jpa.JpaBaseConfiguration$JpaWebConfiguration$JpaWebMvcConfiguration [main] spring.jpa.open-in-view is enabled by default. Therefore, database queries may be performed during view rendering. Explicitly configure spring.jpa.open-in-view to disable this warning
2019-04-20 17:12:25,895 INFO org.springframework.boot.autoconfigure.security.servlet.UserDetailsServiceAutoConfiguration [main] 

Using generated security password: 0e839de7-5822-46ca-bb17-4e3eb29e6c8d

2019-04-20 17:12:26,090 INFO org.springframework.security.web.DefaultSecurityFilterChain [main] Creating filter chain: any request, [org.springframework.security.web.context.request.async.WebAsyncManagerIntegrationFilter@4db6348b, org.springframework.security.web.context.SecurityContextPersistenceFilter@7d18338b, org.springframework.security.web.header.HeaderWriterFilter@579f3c8e, org.springframework.security.web.csrf.CsrfFilter@12a6e8ed, org.springframework.security.web.authentication.logout.LogoutFilter@6df37f7a, org.springframework.security.web.authentication.UsernamePasswordAuthenticationFilter@c0013b8, org.springframework.security.web.authentication.ui.DefaultLoginPageGeneratingFilter@61c5fd78, org.springframework.security.web.authentication.ui.DefaultLogoutPageGeneratingFilter@7742a276, org.springframework.security.web.authentication.www.BasicAuthenticationFilter@173a5fad, org.springframework.security.web.savedrequest.RequestCacheAwareFilter@30c8c6ab, org.springframework.security.web.servletapi.SecurityContextHolderAwareRequestFilter@19ec5357, org.springframework.security.web.authentication.AnonymousAuthenticationFilter@1f48fa72, org.springframework.security.web.session.SessionManagementFilter@4e2824b1, org.springframework.security.web.access.ExceptionTranslationFilter@521a506c, org.springframework.security.web.access.intercept.FilterSecurityInterceptor@9880a15]
2019-04-20 17:12:26,182 INFO org.apache.juli.logging.DirectJDKLog [main] Starting ProtocolHandler ["http-nio-8085"]
2019-04-20 17:12:26,203 INFO org.springframework.boot.web.embedded.tomcat.TomcatWebServer [main] Tomcat started on port(s): 8085 (http) with context path ''
2019-04-20 17:12:26,205 INFO org.springframework.boot.StartupInfoLogger [main] Started Projet7WebServiceApplication in 4.719 seconds (JVM running for 4.982)
2019-04-20 17:12:46,292 ERROR com.bibliotheque.metier.MailBusinessImpl [pool-1-thread-1] Mail email incorrect : mail.email.blank
2019-04-20 17:13:39,032 ERROR com.bibliotheque.metier.UserBusinessImpl [pool-1-thread-1] User pseudo  not found
2019-04-20 17:13:56,749 ERROR com.bibliotheque.metier.MailBusinessImpl [pool-1-thread-1] Mail email incorrect : mail.email.blank
2019-04-20 17:16:11,912 ERROR com.bibliotheque.metier.MailBusinessImpl [pool-1-thread-2] Mail email incorrect : mail.email.blank
2019-04-20 17:19:15,380 ERROR com.bibliotheque.metier.UserBusinessImpl [pool-1-thread-3] User pseudo  not found
2019-04-20 17:21:31,312 ERROR com.bibliotheque.metier.UserBusinessImpl [pool-1-thread-4] User pseudo  not found
2019-04-20 17:22:04,121 ERROR com.bibliotheque.metier.UserBusinessImpl [pool-1-thread-4] User pseudo  not found
2019-04-20 17:22:26,235 ERROR com.bibliotheque.metier.UserBusinessImpl [pool-1-thread-4] User pseudo  not found
2019-04-20 17:22:41,653 ERROR com.bibliotheque.metier.UserBusinessImpl [pool-1-thread-4] User pseudo  not found
2019-04-20 21:57:57,286 INFO org.springframework.boot.StartupInfoLogger [main] Starting Projet7WebServiceApplication on DESKTOP-GFBBSE4 with PID 5324 (started by picha in C:\Users\picha\Desktop\Projet 7\Projet7-WebService)
2019-04-20 21:57:57,289 DEBUG org.springframework.boot.StartupInfoLogger [main] Running with Spring Boot v2.1.3.RELEASE, Spring v5.1.5.RELEASE
2019-04-20 21:57:57,289 INFO org.springframework.boot.SpringApplication [main] No active profile set, falling back to default profiles: default
2019-04-20 21:57:57,944 INFO org.springframework.data.repository.config.RepositoryConfigurationDelegate [main] Bootstrapping Spring Data repositories in DEFAULT mode.
2019-04-20 21:57:58,020 INFO org.springframework.data.repository.config.RepositoryConfigurationDelegate [main] Finished Spring Data repository scanning in 70ms. Found 6 repository interfaces.
2019-04-20 21:57:58,283 INFO org.springframework.context.support.PostProcessorRegistrationDelegate$BeanPostProcessorChecker [main] Bean 'org.springframework.transaction.annotation.ProxyTransactionManagementConfiguration' of type [org.springframework.transaction.annotation.ProxyTransactionManagementConfiguration$$EnhancerBySpringCGLIB$$d6a3179e] is not eligible for getting processed by all BeanPostProcessors (for example: not eligible for auto-proxying)
2019-04-20 21:57:58,594 INFO org.springframework.boot.web.embedded.tomcat.TomcatWebServer [main] Tomcat initialized with port(s): 8085 (http)
2019-04-20 21:57:58,605 INFO org.apache.juli.logging.DirectJDKLog [main] Initializing ProtocolHandler ["http-nio-8085"]
2019-04-20 21:57:58,612 INFO org.apache.juli.logging.DirectJDKLog [main] Starting service [Tomcat]
2019-04-20 21:57:58,612 INFO org.apache.juli.logging.DirectJDKLog [main] Starting Servlet engine: [Apache Tomcat/9.0.16]
2019-04-20 21:57:58,618 INFO org.apache.juli.logging.DirectJDKLog [main] The APR based Apache Tomcat Native library which allows optimal performance in production environments was not found on the java.library.path: [C:\Program Files\Java\jdk1.8.0_181\bin;C:\Windows\Sun\Java\bin;C:\Windows\system32;C:\Windows;C:/Program Files/Java/jre1.8.0_201/bin/server;C:/Program Files/Java/jre1.8.0_201/bin;C:/Program Files/Java/jre1.8.0_201/lib/amd64;C:\Program Files (x86)\Common Files\Oracle\Java\javapath;C:\Program Files (x86)\Intel\Intel(R) Management Engine Components\iCLS\;C:\Program Files\Intel\Intel(R) Management Engine Components\iCLS\;C:\Windows\system32;C:\Windows;C:\Windows\System32\Wbem;C:\Windows\System32\WindowsPowerShell\v1.0\;C:\Windows\System32\OpenSSH\;C:\Program Files (x86)\NVIDIA Corporation\PhysX\Common;C:\Program Files (x86)\Intel\Intel(R) Management Engine Components\DAL;C:\Program Files\Intel\Intel(R) Management Engine Components\DAL;C:\Program Files (x86)\Intel\Intel(R) Management Engine Components\IPT;C:\Program Files\Intel\Intel(R) Management Engine Components\IPT;C:\Program Files\Intel\WiFi\bin\;C:\Program Files\Common Files\Intel\WirelessCommon\;C:\Program Files\Git\cmd;C:\Users\picha\AppData\Local\Microsoft\WindowsApps;;C:\Users\picha\Desktop;;.]
2019-04-20 21:57:58,714 INFO org.apache.juli.logging.DirectJDKLog [main] Initializing Spring embedded WebApplicationContext
2019-04-20 21:57:58,715 INFO org.springframework.boot.web.servlet.context.ServletWebServerApplicationContext [main] Root WebApplicationContext: initialization completed in 1387 ms
2019-04-20 21:57:58,837 INFO com.zaxxer.hikari.HikariDataSource [main] HikariPool-1 - Starting...
2019-04-20 21:57:58,930 INFO com.zaxxer.hikari.HikariDataSource [main] HikariPool-1 - Start completed.
2019-04-20 21:57:58,974 INFO org.hibernate.jpa.internal.util.LogHelper [main] HHH000204: Processing PersistenceUnitInfo [
	name: default
	...]
2019-04-20 21:57:59,040 INFO org.hibernate.Version [main] HHH000412: Hibernate Core {5.3.7.Final}
2019-04-20 21:57:59,041 INFO org.hibernate.cfg.Environment [main] HHH000206: hibernate.properties not found
2019-04-20 21:57:59,178 INFO org.hibernate.annotations.common.reflection.java.JavaReflectionManager [main] HCANN000001: Hibernate Commons Annotations {5.0.4.Final}
2019-04-20 21:57:59,301 INFO org.hibernate.dialect.Dialect [main] HHH000400: Using dialect: org.hibernate.dialect.PostgreSQLDialect
2019-04-20 21:57:59,314 INFO org.hibernate.engine.jdbc.env.internal.LobCreatorBuilderImpl [main] HHH000422: Disabling contextual LOB creation as connection was null
2019-04-20 21:57:59,318 INFO org.hibernate.type.BasicTypeRegistry [main] HHH000270: Type registration [java.util.UUID] overrides previous : org.hibernate.type.UUIDBinaryType@12a14b74
2019-04-20 21:57:59,973 INFO org.springframework.orm.jpa.AbstractEntityManagerFactoryBean [main] Initialized JPA EntityManagerFactory for persistence unit 'default'
2019-04-20 21:58:00,215 INFO org.hibernate.hql.internal.QueryTranslatorFactoryInitiator [main] HHH000397: Using ASTQueryTranslatorFactory
2019-04-20 21:58:01,071 INFO org.springframework.scheduling.concurrent.ExecutorConfigurationSupport [main] Initializing ExecutorService 'applicationTaskExecutor'
2019-04-20 21:58:01,106 WARN org.springframework.boot.autoconfigure.orm.jpa.JpaBaseConfiguration$JpaWebConfiguration$JpaWebMvcConfiguration [main] spring.jpa.open-in-view is enabled by default. Therefore, database queries may be performed during view rendering. Explicitly configure spring.jpa.open-in-view to disable this warning
2019-04-20 21:58:01,271 INFO org.springframework.boot.autoconfigure.security.servlet.UserDetailsServiceAutoConfiguration [main] 

Using generated security password: 93c60781-fdfb-4cbf-ae95-fa5273aa0161

2019-04-20 21:58:01,346 INFO org.springframework.security.web.DefaultSecurityFilterChain [main] Creating filter chain: any request, [org.springframework.security.web.context.request.async.WebAsyncManagerIntegrationFilter@11f3400c, org.springframework.security.web.context.SecurityContextPersistenceFilter@2e85e3f1, org.springframework.security.web.header.HeaderWriterFilter@1c8f71a7, org.springframework.security.web.csrf.CsrfFilter@51813065, org.springframework.security.web.authentication.logout.LogoutFilter@ccd000e, org.springframework.security.web.authentication.UsernamePasswordAuthenticationFilter@2fa879ed, org.springframework.security.web.authentication.ui.DefaultLoginPageGeneratingFilter@33430fc, org.springframework.security.web.authentication.ui.DefaultLogoutPageGeneratingFilter@628b503a, org.springframework.security.web.authentication.www.BasicAuthenticationFilter@661db63e, org.springframework.security.web.savedrequest.RequestCacheAwareFilter@4b360972, org.springframework.security.web.servletapi.SecurityContextHolderAwareRequestFilter@6e090aaa, org.springframework.security.web.authentication.AnonymousAuthenticationFilter@2558f65c, org.springframework.security.web.session.SessionManagementFilter@67a6a2d0, org.springframework.security.web.access.ExceptionTranslationFilter@6654ca0d, org.springframework.security.web.access.intercept.FilterSecurityInterceptor@2bcb1414]
2019-04-20 21:58:01,390 INFO org.apache.juli.logging.DirectJDKLog [main] Starting ProtocolHandler ["http-nio-8085"]
2019-04-20 21:58:01,403 INFO org.springframework.boot.web.embedded.tomcat.TomcatWebServer [main] Tomcat started on port(s): 8085 (http) with context path ''
2019-04-20 21:58:01,405 INFO org.springframework.boot.StartupInfoLogger [main] Started Projet7WebServiceApplication in 4.47 seconds (JVM running for 4.816)
2019-04-20 21:58:38,282 ERROR com.bibliotheque.metier.MailBusinessImpl [pool-1-thread-1] Mail email incorrect : mail.email.blank
2019-04-20 21:59:09,005 ERROR com.bibliotheque.metier.MailBusinessImpl [pool-1-thread-1] Mail email incorrect : mail.email.blank
2019-04-20 21:59:35,165 ERROR com.bibliotheque.metier.UserBusinessImpl [pool-1-thread-1] user pseudo incorrect : user.pseudo.blank
2019-04-20 22:00:33,597 ERROR com.bibliotheque.metier.UserBusinessImpl [pool-1-thread-1] user pseudo incorrect : user.pseudo.size.not.correct
2019-04-20 22:00:36,048 ERROR com.bibliotheque.metier.UserBusinessImpl [pool-1-thread-1] User pseudo  not found
2019-04-20 22:01:34,870 ERROR com.bibliotheque.metier.UserBusinessImpl [pool-1-thread-1] User pseudo  not found
2019-04-20 22:02:28,230 ERROR com.bibliotheque.metier.UserBusinessImpl [pool-1-thread-1] user pseudo incorrect : user.pseudo.size.not.correct
2019-04-20 22:02:38,450 ERROR com.bibliotheque.metier.MailBusinessImpl [pool-1-thread-1] Mail email incorrect : mail.email.blank
2019-04-20 22:03:26,559 ERROR com.bibliotheque.metier.UserBusinessImpl [pool-1-thread-1] user Password empty
